<?xml version="1.0" encoding="UTF-8"?>
<testsuites>
  <testsuite name="/Users/vagner/Desenvolvimento/python/clubify-checkout/sdk/php/phpunit.xml" tests="546" assertions="0" errors="546" failures="0" skipped="0" time="0.000000">
    <testsuite name="All Tests" tests="182" assertions="0" errors="182" failures="0" skipped="0" time="0.000000">
      <testsuite name="Clubify\Checkout\Tests\Integration\UserManagementIntegrationTest" file="/Users/vagner/Desenvolvimento/python/clubify-checkout/sdk/php/tests/Integration/UserManagementIntegrationTest.php" tests="11" assertions="0" errors="11" failures="0" skipped="0" time="0.000000">
        <testcase name="testFullUserLifecycleIntegration" file="/Users/vagner/Desenvolvimento/python/clubify-checkout/sdk/php/tests/Integration/UserManagementIntegrationTest.php" line="56" class="Clubify\Checkout\Tests\Integration\UserManagementIntegrationTest" classname="Clubify.Checkout.Tests.Integration.UserManagementIntegrationTest" assertions="0" time="0.000000">
          <error type="InvalidArgumentException">Clubify\Checkout\Tests\Integration\UserManagementIntegrationTest::testFullUserLifecycleIntegration
InvalidArgumentException: getLogger() cannot be mocked as it is a private method

/Users/vagner/Desenvolvimento/python/clubify-checkout/sdk/php/vendor/mockery/mockery/library/Mockery.php:742
/Users/vagner/Desenvolvimento/python/clubify-checkout/sdk/php/vendor/mockery/mockery/library/Mockery.php:754
/Users/vagner/Desenvolvimento/python/clubify-checkout/sdk/php/vendor/mockery/mockery/library/Mockery.php:574
/Users/vagner/Desenvolvimento/python/clubify-checkout/sdk/php/tests/TestCase.php:222
/Users/vagner/Desenvolvimento/python/clubify-checkout/sdk/php/tests/TestCase.php:441
/Users/vagner/Desenvolvimento/python/clubify-checkout/sdk/php/tests/TestCase.php:56
/Users/vagner/Desenvolvimento/python/clubify-checkout/sdk/php/tests/Integration/UserManagementIntegrationTest.php:34</error>
        </testcase>
        <testcase name="testDependencyInjectionIntegration" file="/Users/vagner/Desenvolvimento/python/clubify-checkout/sdk/php/tests/Integration/UserManagementIntegrationTest.php" line="132" class="Clubify\Checkout\Tests\Integration\UserManagementIntegrationTest" classname="Clubify.Checkout.Tests.Integration.UserManagementIntegrationTest" assertions="0" time="0.000000">
          <error type="InvalidArgumentException">Clubify\Checkout\Tests\Integration\UserManagementIntegrationTest::testDependencyInjectionIntegration
InvalidArgumentException: getLogger() cannot be mocked as it is a private method

/Users/vagner/Desenvolvimento/python/clubify-checkout/sdk/php/vendor/mockery/mockery/library/Mockery.php:742
/Users/vagner/Desenvolvimento/python/clubify-checkout/sdk/php/vendor/mockery/mockery/library/Mockery.php:754
/Users/vagner/Desenvolvimento/python/clubify-checkout/sdk/php/vendor/mockery/mockery/library/Mockery.php:574
/Users/vagner/Desenvolvimento/python/clubify-checkout/sdk/php/tests/TestCase.php:222
/Users/vagner/Desenvolvimento/python/clubify-checkout/sdk/php/tests/TestCase.php:441
/Users/vagner/Desenvolvimento/python/clubify-checkout/sdk/php/tests/TestCase.php:56
/Users/vagner/Desenvolvimento/python/clubify-checkout/sdk/php/tests/Integration/UserManagementIntegrationTest.php:34</error>
        </testcase>
        <testcase name="testModuleHealthAndMetrics" file="/Users/vagner/Desenvolvimento/python/clubify-checkout/sdk/php/tests/Integration/UserManagementIntegrationTest.php" line="158" class="Clubify\Checkout\Tests\Integration\UserManagementIntegrationTest" classname="Clubify.Checkout.Tests.Integration.UserManagementIntegrationTest" assertions="0" time="0.000000">
          <error type="InvalidArgumentException">Clubify\Checkout\Tests\Integration\UserManagementIntegrationTest::testModuleHealthAndMetrics
InvalidArgumentException: getLogger() cannot be mocked as it is a private method

/Users/vagner/Desenvolvimento/python/clubify-checkout/sdk/php/vendor/mockery/mockery/library/Mockery.php:742
/Users/vagner/Desenvolvimento/python/clubify-checkout/sdk/php/vendor/mockery/mockery/library/Mockery.php:754
/Users/vagner/Desenvolvimento/python/clubify-checkout/sdk/php/vendor/mockery/mockery/library/Mockery.php:574
/Users/vagner/Desenvolvimento/python/clubify-checkout/sdk/php/tests/TestCase.php:222
/Users/vagner/Desenvolvimento/python/clubify-checkout/sdk/php/tests/TestCase.php:441
/Users/vagner/Desenvolvimento/python/clubify-checkout/sdk/php/tests/TestCase.php:56
/Users/vagner/Desenvolvimento/python/clubify-checkout/sdk/php/tests/Integration/UserManagementIntegrationTest.php:34</error>
        </testcase>
        <testcase name="testErrorHandlingIntegration" file="/Users/vagner/Desenvolvimento/python/clubify-checkout/sdk/php/tests/Integration/UserManagementIntegrationTest.php" line="184" class="Clubify\Checkout\Tests\Integration\UserManagementIntegrationTest" classname="Clubify.Checkout.Tests.Integration.UserManagementIntegrationTest" assertions="0" time="0.000000">
          <error type="InvalidArgumentException">Clubify\Checkout\Tests\Integration\UserManagementIntegrationTest::testErrorHandlingIntegration
InvalidArgumentException: getLogger() cannot be mocked as it is a private method

/Users/vagner/Desenvolvimento/python/clubify-checkout/sdk/php/vendor/mockery/mockery/library/Mockery.php:742
/Users/vagner/Desenvolvimento/python/clubify-checkout/sdk/php/vendor/mockery/mockery/library/Mockery.php:754
/Users/vagner/Desenvolvimento/python/clubify-checkout/sdk/php/vendor/mockery/mockery/library/Mockery.php:574
/Users/vagner/Desenvolvimento/python/clubify-checkout/sdk/php/tests/TestCase.php:222
/Users/vagner/Desenvolvimento/python/clubify-checkout/sdk/php/tests/TestCase.php:441
/Users/vagner/Desenvolvimento/python/clubify-checkout/sdk/php/tests/TestCase.php:56
/Users/vagner/Desenvolvimento/python/clubify-checkout/sdk/php/tests/Integration/UserManagementIntegrationTest.php:34</error>
        </testcase>
        <testcase name="testValidationErrorIntegration" file="/Users/vagner/Desenvolvimento/python/clubify-checkout/sdk/php/tests/Integration/UserManagementIntegrationTest.php" line="193" class="Clubify\Checkout\Tests\Integration\UserManagementIntegrationTest" classname="Clubify.Checkout.Tests.Integration.UserManagementIntegrationTest" assertions="0" time="0.000000">
          <error type="InvalidArgumentException">Clubify\Checkout\Tests\Integration\UserManagementIntegrationTest::testValidationErrorIntegration
InvalidArgumentException: getLogger() cannot be mocked as it is a private method

/Users/vagner/Desenvolvimento/python/clubify-checkout/sdk/php/vendor/mockery/mockery/library/Mockery.php:742
/Users/vagner/Desenvolvimento/python/clubify-checkout/sdk/php/vendor/mockery/mockery/library/Mockery.php:754
/Users/vagner/Desenvolvimento/python/clubify-checkout/sdk/php/vendor/mockery/mockery/library/Mockery.php:574
/Users/vagner/Desenvolvimento/python/clubify-checkout/sdk/php/tests/TestCase.php:222
/Users/vagner/Desenvolvimento/python/clubify-checkout/sdk/php/tests/TestCase.php:441
/Users/vagner/Desenvolvimento/python/clubify-checkout/sdk/php/tests/TestCase.php:56
/Users/vagner/Desenvolvimento/python/clubify-checkout/sdk/php/tests/Integration/UserManagementIntegrationTest.php:34</error>
        </testcase>
        <testcase name="testCacheIntegrationFlow" file="/Users/vagner/Desenvolvimento/python/clubify-checkout/sdk/php/tests/Integration/UserManagementIntegrationTest.php" line="206" class="Clubify\Checkout\Tests\Integration\UserManagementIntegrationTest" classname="Clubify.Checkout.Tests.Integration.UserManagementIntegrationTest" assertions="0" time="0.000000">
          <error type="InvalidArgumentException">Clubify\Checkout\Tests\Integration\UserManagementIntegrationTest::testCacheIntegrationFlow
InvalidArgumentException: getLogger() cannot be mocked as it is a private method

/Users/vagner/Desenvolvimento/python/clubify-checkout/sdk/php/vendor/mockery/mockery/library/Mockery.php:742
/Users/vagner/Desenvolvimento/python/clubify-checkout/sdk/php/vendor/mockery/mockery/library/Mockery.php:754
/Users/vagner/Desenvolvimento/python/clubify-checkout/sdk/php/vendor/mockery/mockery/library/Mockery.php:574
/Users/vagner/Desenvolvimento/python/clubify-checkout/sdk/php/tests/TestCase.php:222
/Users/vagner/Desenvolvimento/python/clubify-checkout/sdk/php/tests/TestCase.php:441
/Users/vagner/Desenvolvimento/python/clubify-checkout/sdk/php/tests/TestCase.php:56
/Users/vagner/Desenvolvimento/python/clubify-checkout/sdk/php/tests/Integration/UserManagementIntegrationTest.php:34</error>
        </testcase>
        <testcase name="testLazyLoadingIntegration" file="/Users/vagner/Desenvolvimento/python/clubify-checkout/sdk/php/tests/Integration/UserManagementIntegrationTest.php" line="225" class="Clubify\Checkout\Tests\Integration\UserManagementIntegrationTest" classname="Clubify.Checkout.Tests.Integration.UserManagementIntegrationTest" assertions="0" time="0.000000">
          <error type="InvalidArgumentException">Clubify\Checkout\Tests\Integration\UserManagementIntegrationTest::testLazyLoadingIntegration
InvalidArgumentException: getLogger() cannot be mocked as it is a private method

/Users/vagner/Desenvolvimento/python/clubify-checkout/sdk/php/vendor/mockery/mockery/library/Mockery.php:742
/Users/vagner/Desenvolvimento/python/clubify-checkout/sdk/php/vendor/mockery/mockery/library/Mockery.php:754
/Users/vagner/Desenvolvimento/python/clubify-checkout/sdk/php/vendor/mockery/mockery/library/Mockery.php:574
/Users/vagner/Desenvolvimento/python/clubify-checkout/sdk/php/tests/TestCase.php:222
/Users/vagner/Desenvolvimento/python/clubify-checkout/sdk/php/tests/TestCase.php:441
/Users/vagner/Desenvolvimento/python/clubify-checkout/sdk/php/tests/TestCase.php:56
/Users/vagner/Desenvolvimento/python/clubify-checkout/sdk/php/tests/Integration/UserManagementIntegrationTest.php:34</error>
        </testcase>
        <testcase name="testFactorySingletonBehavior" file="/Users/vagner/Desenvolvimento/python/clubify-checkout/sdk/php/tests/Integration/UserManagementIntegrationTest.php" line="245" class="Clubify\Checkout\Tests\Integration\UserManagementIntegrationTest" classname="Clubify.Checkout.Tests.Integration.UserManagementIntegrationTest" assertions="0" time="0.000000">
          <error type="InvalidArgumentException">Clubify\Checkout\Tests\Integration\UserManagementIntegrationTest::testFactorySingletonBehavior
InvalidArgumentException: getLogger() cannot be mocked as it is a private method

/Users/vagner/Desenvolvimento/python/clubify-checkout/sdk/php/vendor/mockery/mockery/library/Mockery.php:742
/Users/vagner/Desenvolvimento/python/clubify-checkout/sdk/php/vendor/mockery/mockery/library/Mockery.php:754
/Users/vagner/Desenvolvimento/python/clubify-checkout/sdk/php/vendor/mockery/mockery/library/Mockery.php:574
/Users/vagner/Desenvolvimento/python/clubify-checkout/sdk/php/tests/TestCase.php:222
/Users/vagner/Desenvolvimento/python/clubify-checkout/sdk/php/tests/TestCase.php:441
/Users/vagner/Desenvolvimento/python/clubify-checkout/sdk/php/tests/TestCase.php:56
/Users/vagner/Desenvolvimento/python/clubify-checkout/sdk/php/tests/Integration/UserManagementIntegrationTest.php:34</error>
        </testcase>
        <testcase name="testFactoryStats" file="/Users/vagner/Desenvolvimento/python/clubify-checkout/sdk/php/tests/Integration/UserManagementIntegrationTest.php" line="256" class="Clubify\Checkout\Tests\Integration\UserManagementIntegrationTest" classname="Clubify.Checkout.Tests.Integration.UserManagementIntegrationTest" assertions="0" time="0.000000">
          <error type="InvalidArgumentException">Clubify\Checkout\Tests\Integration\UserManagementIntegrationTest::testFactoryStats
InvalidArgumentException: getLogger() cannot be mocked as it is a private method

/Users/vagner/Desenvolvimento/python/clubify-checkout/sdk/php/vendor/mockery/mockery/library/Mockery.php:742
/Users/vagner/Desenvolvimento/python/clubify-checkout/sdk/php/vendor/mockery/mockery/library/Mockery.php:754
/Users/vagner/Desenvolvimento/python/clubify-checkout/sdk/php/vendor/mockery/mockery/library/Mockery.php:574
/Users/vagner/Desenvolvimento/python/clubify-checkout/sdk/php/tests/TestCase.php:222
/Users/vagner/Desenvolvimento/python/clubify-checkout/sdk/php/tests/TestCase.php:441
/Users/vagner/Desenvolvimento/python/clubify-checkout/sdk/php/tests/TestCase.php:56
/Users/vagner/Desenvolvimento/python/clubify-checkout/sdk/php/tests/Integration/UserManagementIntegrationTest.php:34</error>
        </testcase>
        <testcase name="testModuleCleanupIntegration" file="/Users/vagner/Desenvolvimento/python/clubify-checkout/sdk/php/tests/Integration/UserManagementIntegrationTest.php" line="277" class="Clubify\Checkout\Tests\Integration\UserManagementIntegrationTest" classname="Clubify.Checkout.Tests.Integration.UserManagementIntegrationTest" assertions="0" time="0.000000">
          <error type="InvalidArgumentException">Clubify\Checkout\Tests\Integration\UserManagementIntegrationTest::testModuleCleanupIntegration
InvalidArgumentException: getLogger() cannot be mocked as it is a private method

/Users/vagner/Desenvolvimento/python/clubify-checkout/sdk/php/vendor/mockery/mockery/library/Mockery.php:742
/Users/vagner/Desenvolvimento/python/clubify-checkout/sdk/php/vendor/mockery/mockery/library/Mockery.php:754
/Users/vagner/Desenvolvimento/python/clubify-checkout/sdk/php/vendor/mockery/mockery/library/Mockery.php:574
/Users/vagner/Desenvolvimento/python/clubify-checkout/sdk/php/tests/TestCase.php:222
/Users/vagner/Desenvolvimento/python/clubify-checkout/sdk/php/tests/TestCase.php:441
/Users/vagner/Desenvolvimento/python/clubify-checkout/sdk/php/tests/TestCase.php:56
/Users/vagner/Desenvolvimento/python/clubify-checkout/sdk/php/tests/Integration/UserManagementIntegrationTest.php:34</error>
        </testcase>
        <testcase name="testSDKUserManagementIntegration" file="/Users/vagner/Desenvolvimento/python/clubify-checkout/sdk/php/tests/Integration/UserManagementIntegrationTest.php" line="295" class="Clubify\Checkout\Tests\Integration\UserManagementIntegrationTest" classname="Clubify.Checkout.Tests.Integration.UserManagementIntegrationTest" assertions="0" time="0.000000">
          <error type="InvalidArgumentException">Clubify\Checkout\Tests\Integration\UserManagementIntegrationTest::testSDKUserManagementIntegration
InvalidArgumentException: getLogger() cannot be mocked as it is a private method

/Users/vagner/Desenvolvimento/python/clubify-checkout/sdk/php/vendor/mockery/mockery/library/Mockery.php:742
/Users/vagner/Desenvolvimento/python/clubify-checkout/sdk/php/vendor/mockery/mockery/library/Mockery.php:754
/Users/vagner/Desenvolvimento/python/clubify-checkout/sdk/php/vendor/mockery/mockery/library/Mockery.php:574
/Users/vagner/Desenvolvimento/python/clubify-checkout/sdk/php/tests/TestCase.php:222
/Users/vagner/Desenvolvimento/python/clubify-checkout/sdk/php/tests/TestCase.php:441
/Users/vagner/Desenvolvimento/python/clubify-checkout/sdk/php/tests/TestCase.php:56
/Users/vagner/Desenvolvimento/python/clubify-checkout/sdk/php/tests/Integration/UserManagementIntegrationTest.php:34</error>
        </testcase>
      </testsuite>
      <testsuite name="Clubify\Checkout\Tests\Unit\Orders\OrderDataTest" file="/Users/vagner/Desenvolvimento/python/clubify-checkout/sdk/php/tests/Unit/Orders/OrderDataTest.php" tests="15" assertions="0" errors="15" failures="0" skipped="0" time="0.000000">
        <testcase name="it_can_be_created_with_valid_data" file="/Users/vagner/Desenvolvimento/python/clubify-checkout/sdk/php/tests/Unit/Orders/OrderDataTest.php" line="31" class="Clubify\Checkout\Tests\Unit\Orders\OrderDataTest" classname="Clubify.Checkout.Tests.Unit.Orders.OrderDataTest" assertions="0" time="0.000000">
          <error type="InvalidArgumentException">Clubify\Checkout\Tests\Unit\Orders\OrderDataTest::it_can_be_created_with_valid_data
InvalidArgumentException: getLogger() cannot be mocked as it is a private method

/Users/vagner/Desenvolvimento/python/clubify-checkout/sdk/php/vendor/mockery/mockery/library/Mockery.php:742
/Users/vagner/Desenvolvimento/python/clubify-checkout/sdk/php/vendor/mockery/mockery/library/Mockery.php:754
/Users/vagner/Desenvolvimento/python/clubify-checkout/sdk/php/vendor/mockery/mockery/library/Mockery.php:574
/Users/vagner/Desenvolvimento/python/clubify-checkout/sdk/php/tests/TestCase.php:222
/Users/vagner/Desenvolvimento/python/clubify-checkout/sdk/php/tests/TestCase.php:441
/Users/vagner/Desenvolvimento/python/clubify-checkout/sdk/php/tests/TestCase.php:56</error>
        </testcase>
        <testcase name="it_validates_required_fields" file="/Users/vagner/Desenvolvimento/python/clubify-checkout/sdk/php/tests/Unit/Orders/OrderDataTest.php" line="74" class="Clubify\Checkout\Tests\Unit\Orders\OrderDataTest" classname="Clubify.Checkout.Tests.Unit.Orders.OrderDataTest" assertions="0" time="0.000000">
          <error type="InvalidArgumentException">Clubify\Checkout\Tests\Unit\Orders\OrderDataTest::it_validates_required_fields
InvalidArgumentException: getLogger() cannot be mocked as it is a private method

/Users/vagner/Desenvolvimento/python/clubify-checkout/sdk/php/vendor/mockery/mockery/library/Mockery.php:742
/Users/vagner/Desenvolvimento/python/clubify-checkout/sdk/php/vendor/mockery/mockery/library/Mockery.php:754
/Users/vagner/Desenvolvimento/python/clubify-checkout/sdk/php/vendor/mockery/mockery/library/Mockery.php:574
/Users/vagner/Desenvolvimento/python/clubify-checkout/sdk/php/tests/TestCase.php:222
/Users/vagner/Desenvolvimento/python/clubify-checkout/sdk/php/tests/TestCase.php:441
/Users/vagner/Desenvolvimento/python/clubify-checkout/sdk/php/tests/TestCase.php:56</error>
        </testcase>
        <testcase name="it_validates_status_values" file="/Users/vagner/Desenvolvimento/python/clubify-checkout/sdk/php/tests/Unit/Orders/OrderDataTest.php" line="90" class="Clubify\Checkout\Tests\Unit\Orders\OrderDataTest" classname="Clubify.Checkout.Tests.Unit.Orders.OrderDataTest" assertions="0" time="0.000000">
          <error type="InvalidArgumentException">Clubify\Checkout\Tests\Unit\Orders\OrderDataTest::it_validates_status_values
InvalidArgumentException: getLogger() cannot be mocked as it is a private method

/Users/vagner/Desenvolvimento/python/clubify-checkout/sdk/php/vendor/mockery/mockery/library/Mockery.php:742
/Users/vagner/Desenvolvimento/python/clubify-checkout/sdk/php/vendor/mockery/mockery/library/Mockery.php:754
/Users/vagner/Desenvolvimento/python/clubify-checkout/sdk/php/vendor/mockery/mockery/library/Mockery.php:574
/Users/vagner/Desenvolvimento/python/clubify-checkout/sdk/php/tests/TestCase.php:222
/Users/vagner/Desenvolvimento/python/clubify-checkout/sdk/php/tests/TestCase.php:441
/Users/vagner/Desenvolvimento/python/clubify-checkout/sdk/php/tests/TestCase.php:56</error>
        </testcase>
        <testcase name="it_validates_minimum_items" file="/Users/vagner/Desenvolvimento/python/clubify-checkout/sdk/php/tests/Unit/Orders/OrderDataTest.php" line="106" class="Clubify\Checkout\Tests\Unit\Orders\OrderDataTest" classname="Clubify.Checkout.Tests.Unit.Orders.OrderDataTest" assertions="0" time="0.000000">
          <error type="InvalidArgumentException">Clubify\Checkout\Tests\Unit\Orders\OrderDataTest::it_validates_minimum_items
InvalidArgumentException: getLogger() cannot be mocked as it is a private method

/Users/vagner/Desenvolvimento/python/clubify-checkout/sdk/php/vendor/mockery/mockery/library/Mockery.php:742
/Users/vagner/Desenvolvimento/python/clubify-checkout/sdk/php/vendor/mockery/mockery/library/Mockery.php:754
/Users/vagner/Desenvolvimento/python/clubify-checkout/sdk/php/vendor/mockery/mockery/library/Mockery.php:574
/Users/vagner/Desenvolvimento/python/clubify-checkout/sdk/php/tests/TestCase.php:222
/Users/vagner/Desenvolvimento/python/clubify-checkout/sdk/php/tests/TestCase.php:441
/Users/vagner/Desenvolvimento/python/clubify-checkout/sdk/php/tests/TestCase.php:56</error>
        </testcase>
        <testcase name="it_validates_total_against_items" file="/Users/vagner/Desenvolvimento/python/clubify-checkout/sdk/php/tests/Unit/Orders/OrderDataTest.php" line="122" class="Clubify\Checkout\Tests\Unit\Orders\OrderDataTest" classname="Clubify.Checkout.Tests.Unit.Orders.OrderDataTest" assertions="0" time="0.000000">
          <error type="InvalidArgumentException">Clubify\Checkout\Tests\Unit\Orders\OrderDataTest::it_validates_total_against_items
InvalidArgumentException: getLogger() cannot be mocked as it is a private method

/Users/vagner/Desenvolvimento/python/clubify-checkout/sdk/php/vendor/mockery/mockery/library/Mockery.php:742
/Users/vagner/Desenvolvimento/python/clubify-checkout/sdk/php/vendor/mockery/mockery/library/Mockery.php:754
/Users/vagner/Desenvolvimento/python/clubify-checkout/sdk/php/vendor/mockery/mockery/library/Mockery.php:574
/Users/vagner/Desenvolvimento/python/clubify-checkout/sdk/php/tests/TestCase.php:222
/Users/vagner/Desenvolvimento/python/clubify-checkout/sdk/php/tests/TestCase.php:441
/Users/vagner/Desenvolvimento/python/clubify-checkout/sdk/php/tests/TestCase.php:56</error>
        </testcase>
        <testcase name="it_can_be_created_from_array" file="/Users/vagner/Desenvolvimento/python/clubify-checkout/sdk/php/tests/Unit/Orders/OrderDataTest.php" line="150" class="Clubify\Checkout\Tests\Unit\Orders\OrderDataTest" classname="Clubify.Checkout.Tests.Unit.Orders.OrderDataTest" assertions="0" time="0.000000">
          <error type="InvalidArgumentException">Clubify\Checkout\Tests\Unit\Orders\OrderDataTest::it_can_be_created_from_array
InvalidArgumentException: getLogger() cannot be mocked as it is a private method

/Users/vagner/Desenvolvimento/python/clubify-checkout/sdk/php/vendor/mockery/mockery/library/Mockery.php:742
/Users/vagner/Desenvolvimento/python/clubify-checkout/sdk/php/vendor/mockery/mockery/library/Mockery.php:754
/Users/vagner/Desenvolvimento/python/clubify-checkout/sdk/php/vendor/mockery/mockery/library/Mockery.php:574
/Users/vagner/Desenvolvimento/python/clubify-checkout/sdk/php/tests/TestCase.php:222
/Users/vagner/Desenvolvimento/python/clubify-checkout/sdk/php/tests/TestCase.php:441
/Users/vagner/Desenvolvimento/python/clubify-checkout/sdk/php/tests/TestCase.php:56</error>
        </testcase>
        <testcase name="it_converts_to_array_correctly" file="/Users/vagner/Desenvolvimento/python/clubify-checkout/sdk/php/tests/Unit/Orders/OrderDataTest.php" line="203" class="Clubify\Checkout\Tests\Unit\Orders\OrderDataTest" classname="Clubify.Checkout.Tests.Unit.Orders.OrderDataTest" assertions="0" time="0.000000">
          <error type="InvalidArgumentException">Clubify\Checkout\Tests\Unit\Orders\OrderDataTest::it_converts_to_array_correctly
InvalidArgumentException: getLogger() cannot be mocked as it is a private method

/Users/vagner/Desenvolvimento/python/clubify-checkout/sdk/php/vendor/mockery/mockery/library/Mockery.php:742
/Users/vagner/Desenvolvimento/python/clubify-checkout/sdk/php/vendor/mockery/mockery/library/Mockery.php:754
/Users/vagner/Desenvolvimento/python/clubify-checkout/sdk/php/vendor/mockery/mockery/library/Mockery.php:574
/Users/vagner/Desenvolvimento/python/clubify-checkout/sdk/php/tests/TestCase.php:222
/Users/vagner/Desenvolvimento/python/clubify-checkout/sdk/php/tests/TestCase.php:441
/Users/vagner/Desenvolvimento/python/clubify-checkout/sdk/php/tests/TestCase.php:56</error>
        </testcase>
        <testcase name="it_converts_to_safe_array_without_sensitive_data" file="/Users/vagner/Desenvolvimento/python/clubify-checkout/sdk/php/tests/Unit/Orders/OrderDataTest.php" line="254" class="Clubify\Checkout\Tests\Unit\Orders\OrderDataTest" classname="Clubify.Checkout.Tests.Unit.Orders.OrderDataTest" assertions="0" time="0.000000">
          <error type="InvalidArgumentException">Clubify\Checkout\Tests\Unit\Orders\OrderDataTest::it_converts_to_safe_array_without_sensitive_data
InvalidArgumentException: getLogger() cannot be mocked as it is a private method

/Users/vagner/Desenvolvimento/python/clubify-checkout/sdk/php/vendor/mockery/mockery/library/Mockery.php:742
/Users/vagner/Desenvolvimento/python/clubify-checkout/sdk/php/vendor/mockery/mockery/library/Mockery.php:754
/Users/vagner/Desenvolvimento/python/clubify-checkout/sdk/php/vendor/mockery/mockery/library/Mockery.php:574
/Users/vagner/Desenvolvimento/python/clubify-checkout/sdk/php/tests/TestCase.php:222
/Users/vagner/Desenvolvimento/python/clubify-checkout/sdk/php/tests/TestCase.php:441
/Users/vagner/Desenvolvimento/python/clubify-checkout/sdk/php/tests/TestCase.php:56</error>
        </testcase>
        <testcase name="it_calculates_total_correctly" file="/Users/vagner/Desenvolvimento/python/clubify-checkout/sdk/php/tests/Unit/Orders/OrderDataTest.php" line="292" class="Clubify\Checkout\Tests\Unit\Orders\OrderDataTest" classname="Clubify.Checkout.Tests.Unit.Orders.OrderDataTest" assertions="0" time="0.000000">
          <error type="InvalidArgumentException">Clubify\Checkout\Tests\Unit\Orders\OrderDataTest::it_calculates_total_correctly
InvalidArgumentException: getLogger() cannot be mocked as it is a private method

/Users/vagner/Desenvolvimento/python/clubify-checkout/sdk/php/vendor/mockery/mockery/library/Mockery.php:742
/Users/vagner/Desenvolvimento/python/clubify-checkout/sdk/php/vendor/mockery/mockery/library/Mockery.php:754
/Users/vagner/Desenvolvimento/python/clubify-checkout/sdk/php/vendor/mockery/mockery/library/Mockery.php:574
/Users/vagner/Desenvolvimento/python/clubify-checkout/sdk/php/tests/TestCase.php:222
/Users/vagner/Desenvolvimento/python/clubify-checkout/sdk/php/tests/TestCase.php:441
/Users/vagner/Desenvolvimento/python/clubify-checkout/sdk/php/tests/TestCase.php:56</error>
        </testcase>
        <testcase name="it_checks_status_correctly" file="/Users/vagner/Desenvolvimento/python/clubify-checkout/sdk/php/tests/Unit/Orders/OrderDataTest.php" line="329" class="Clubify\Checkout\Tests\Unit\Orders\OrderDataTest" classname="Clubify.Checkout.Tests.Unit.Orders.OrderDataTest" assertions="0" time="0.000000">
          <error type="InvalidArgumentException">Clubify\Checkout\Tests\Unit\Orders\OrderDataTest::it_checks_status_correctly
InvalidArgumentException: getLogger() cannot be mocked as it is a private method

/Users/vagner/Desenvolvimento/python/clubify-checkout/sdk/php/vendor/mockery/mockery/library/Mockery.php:742
/Users/vagner/Desenvolvimento/python/clubify-checkout/sdk/php/vendor/mockery/mockery/library/Mockery.php:754
/Users/vagner/Desenvolvimento/python/clubify-checkout/sdk/php/vendor/mockery/mockery/library/Mockery.php:574
/Users/vagner/Desenvolvimento/python/clubify-checkout/sdk/php/tests/TestCase.php:222
/Users/vagner/Desenvolvimento/python/clubify-checkout/sdk/php/tests/TestCase.php:441
/Users/vagner/Desenvolvimento/python/clubify-checkout/sdk/php/tests/TestCase.php:56</error>
        </testcase>
        <testcase name="it_validates_business_rules" file="/Users/vagner/Desenvolvimento/python/clubify-checkout/sdk/php/tests/Unit/Orders/OrderDataTest.php" line="389" class="Clubify\Checkout\Tests\Unit\Orders\OrderDataTest" classname="Clubify.Checkout.Tests.Unit.Orders.OrderDataTest" assertions="0" time="0.000000">
          <error type="InvalidArgumentException">Clubify\Checkout\Tests\Unit\Orders\OrderDataTest::it_validates_business_rules
InvalidArgumentException: getLogger() cannot be mocked as it is a private method

/Users/vagner/Desenvolvimento/python/clubify-checkout/sdk/php/vendor/mockery/mockery/library/Mockery.php:742
/Users/vagner/Desenvolvimento/python/clubify-checkout/sdk/php/vendor/mockery/mockery/library/Mockery.php:754
/Users/vagner/Desenvolvimento/python/clubify-checkout/sdk/php/vendor/mockery/mockery/library/Mockery.php:574
/Users/vagner/Desenvolvimento/python/clubify-checkout/sdk/php/tests/TestCase.php:222
/Users/vagner/Desenvolvimento/python/clubify-checkout/sdk/php/tests/TestCase.php:441
/Users/vagner/Desenvolvimento/python/clubify-checkout/sdk/php/tests/TestCase.php:56</error>
        </testcase>
        <testcase name="it_handles_different_currencies" file="/Users/vagner/Desenvolvimento/python/clubify-checkout/sdk/php/tests/Unit/Orders/OrderDataTest.php" line="419" class="Clubify\Checkout\Tests\Unit\Orders\OrderDataTest" classname="Clubify.Checkout.Tests.Unit.Orders.OrderDataTest" assertions="0" time="0.000000">
          <error type="InvalidArgumentException">Clubify\Checkout\Tests\Unit\Orders\OrderDataTest::it_handles_different_currencies
InvalidArgumentException: getLogger() cannot be mocked as it is a private method

/Users/vagner/Desenvolvimento/python/clubify-checkout/sdk/php/vendor/mockery/mockery/library/Mockery.php:742
/Users/vagner/Desenvolvimento/python/clubify-checkout/sdk/php/vendor/mockery/mockery/library/Mockery.php:754
/Users/vagner/Desenvolvimento/python/clubify-checkout/sdk/php/vendor/mockery/mockery/library/Mockery.php:574
/Users/vagner/Desenvolvimento/python/clubify-checkout/sdk/php/tests/TestCase.php:222
/Users/vagner/Desenvolvimento/python/clubify-checkout/sdk/php/tests/TestCase.php:441
/Users/vagner/Desenvolvimento/python/clubify-checkout/sdk/php/tests/TestCase.php:56</error>
        </testcase>
        <testcase name="it_handles_discount_calculations" file="/Users/vagner/Desenvolvimento/python/clubify-checkout/sdk/php/tests/Unit/Orders/OrderDataTest.php" line="448" class="Clubify\Checkout\Tests\Unit\Orders\OrderDataTest" classname="Clubify.Checkout.Tests.Unit.Orders.OrderDataTest" assertions="0" time="0.000000">
          <error type="InvalidArgumentException">Clubify\Checkout\Tests\Unit\Orders\OrderDataTest::it_handles_discount_calculations
InvalidArgumentException: getLogger() cannot be mocked as it is a private method

/Users/vagner/Desenvolvimento/python/clubify-checkout/sdk/php/vendor/mockery/mockery/library/Mockery.php:742
/Users/vagner/Desenvolvimento/python/clubify-checkout/sdk/php/vendor/mockery/mockery/library/Mockery.php:754
/Users/vagner/Desenvolvimento/python/clubify-checkout/sdk/php/vendor/mockery/mockery/library/Mockery.php:574
/Users/vagner/Desenvolvimento/python/clubify-checkout/sdk/php/tests/TestCase.php:222
/Users/vagner/Desenvolvimento/python/clubify-checkout/sdk/php/tests/TestCase.php:441
/Users/vagner/Desenvolvimento/python/clubify-checkout/sdk/php/tests/TestCase.php:56</error>
        </testcase>
        <testcase name="it_formats_currency_display" file="/Users/vagner/Desenvolvimento/python/clubify-checkout/sdk/php/tests/Unit/Orders/OrderDataTest.php" line="483" class="Clubify\Checkout\Tests\Unit\Orders\OrderDataTest" classname="Clubify.Checkout.Tests.Unit.Orders.OrderDataTest" assertions="0" time="0.000000">
          <error type="InvalidArgumentException">Clubify\Checkout\Tests\Unit\Orders\OrderDataTest::it_formats_currency_display
InvalidArgumentException: getLogger() cannot be mocked as it is a private method

/Users/vagner/Desenvolvimento/python/clubify-checkout/sdk/php/vendor/mockery/mockery/library/Mockery.php:742
/Users/vagner/Desenvolvimento/python/clubify-checkout/sdk/php/vendor/mockery/mockery/library/Mockery.php:754
/Users/vagner/Desenvolvimento/python/clubify-checkout/sdk/php/vendor/mockery/mockery/library/Mockery.php:574
/Users/vagner/Desenvolvimento/python/clubify-checkout/sdk/php/tests/TestCase.php:222
/Users/vagner/Desenvolvimento/python/clubify-checkout/sdk/php/tests/TestCase.php:441
/Users/vagner/Desenvolvimento/python/clubify-checkout/sdk/php/tests/TestCase.php:56</error>
        </testcase>
        <testcase name="it_handles_shipping_calculations" file="/Users/vagner/Desenvolvimento/python/clubify-checkout/sdk/php/tests/Unit/Orders/OrderDataTest.php" line="513" class="Clubify\Checkout\Tests\Unit\Orders\OrderDataTest" classname="Clubify.Checkout.Tests.Unit.Orders.OrderDataTest" assertions="0" time="0.000000">
          <error type="InvalidArgumentException">Clubify\Checkout\Tests\Unit\Orders\OrderDataTest::it_handles_shipping_calculations
InvalidArgumentException: getLogger() cannot be mocked as it is a private method

/Users/vagner/Desenvolvimento/python/clubify-checkout/sdk/php/vendor/mockery/mockery/library/Mockery.php:742
/Users/vagner/Desenvolvimento/python/clubify-checkout/sdk/php/vendor/mockery/mockery/library/Mockery.php:754
/Users/vagner/Desenvolvimento/python/clubify-checkout/sdk/php/vendor/mockery/mockery/library/Mockery.php:574
/Users/vagner/Desenvolvimento/python/clubify-checkout/sdk/php/tests/TestCase.php:222
/Users/vagner/Desenvolvimento/python/clubify-checkout/sdk/php/tests/TestCase.php:441
/Users/vagner/Desenvolvimento/python/clubify-checkout/sdk/php/tests/TestCase.php:56</error>
        </testcase>
      </testsuite>
      <testsuite name="Clubify\Checkout\Tests\Unit\Orders\OrderServiceTest" file="/Users/vagner/Desenvolvimento/python/clubify-checkout/sdk/php/tests/Unit/Orders/OrderServiceTest.php" tests="16" assertions="0" errors="16" failures="0" skipped="0" time="0.000000">
        <testcase name="it_can_be_instantiated" file="/Users/vagner/Desenvolvimento/python/clubify-checkout/sdk/php/tests/Unit/Orders/OrderServiceTest.php" line="59" class="Clubify\Checkout\Tests\Unit\Orders\OrderServiceTest" classname="Clubify.Checkout.Tests.Unit.Orders.OrderServiceTest" assertions="0" time="0.000000">
          <error type="InvalidArgumentException">Clubify\Checkout\Tests\Unit\Orders\OrderServiceTest::it_can_be_instantiated
InvalidArgumentException: getLogger() cannot be mocked as it is a private method

/Users/vagner/Desenvolvimento/python/clubify-checkout/sdk/php/vendor/mockery/mockery/library/Mockery.php:742
/Users/vagner/Desenvolvimento/python/clubify-checkout/sdk/php/vendor/mockery/mockery/library/Mockery.php:754
/Users/vagner/Desenvolvimento/python/clubify-checkout/sdk/php/vendor/mockery/mockery/library/Mockery.php:574
/Users/vagner/Desenvolvimento/python/clubify-checkout/sdk/php/tests/TestCase.php:222
/Users/vagner/Desenvolvimento/python/clubify-checkout/sdk/php/tests/TestCase.php:441
/Users/vagner/Desenvolvimento/python/clubify-checkout/sdk/php/tests/TestCase.php:56
/Users/vagner/Desenvolvimento/python/clubify-checkout/sdk/php/tests/Unit/Orders/OrderServiceTest.php:40</error>
        </testcase>
        <testcase name="it_can_create_order_successfully" file="/Users/vagner/Desenvolvimento/python/clubify-checkout/sdk/php/tests/Unit/Orders/OrderServiceTest.php" line="65" class="Clubify\Checkout\Tests\Unit\Orders\OrderServiceTest" classname="Clubify.Checkout.Tests.Unit.Orders.OrderServiceTest" assertions="0" time="0.000000">
          <error type="InvalidArgumentException">Clubify\Checkout\Tests\Unit\Orders\OrderServiceTest::it_can_create_order_successfully
InvalidArgumentException: getLogger() cannot be mocked as it is a private method

/Users/vagner/Desenvolvimento/python/clubify-checkout/sdk/php/vendor/mockery/mockery/library/Mockery.php:742
/Users/vagner/Desenvolvimento/python/clubify-checkout/sdk/php/vendor/mockery/mockery/library/Mockery.php:754
/Users/vagner/Desenvolvimento/python/clubify-checkout/sdk/php/vendor/mockery/mockery/library/Mockery.php:574
/Users/vagner/Desenvolvimento/python/clubify-checkout/sdk/php/tests/TestCase.php:222
/Users/vagner/Desenvolvimento/python/clubify-checkout/sdk/php/tests/TestCase.php:441
/Users/vagner/Desenvolvimento/python/clubify-checkout/sdk/php/tests/TestCase.php:56
/Users/vagner/Desenvolvimento/python/clubify-checkout/sdk/php/tests/Unit/Orders/OrderServiceTest.php:40</error>
        </testcase>
        <testcase name="it_validates_order_data_before_creation" file="/Users/vagner/Desenvolvimento/python/clubify-checkout/sdk/php/tests/Unit/Orders/OrderServiceTest.php" line="104" class="Clubify\Checkout\Tests\Unit\Orders\OrderServiceTest" classname="Clubify.Checkout.Tests.Unit.Orders.OrderServiceTest" assertions="0" time="0.000000">
          <error type="InvalidArgumentException">Clubify\Checkout\Tests\Unit\Orders\OrderServiceTest::it_validates_order_data_before_creation
InvalidArgumentException: getLogger() cannot be mocked as it is a private method

/Users/vagner/Desenvolvimento/python/clubify-checkout/sdk/php/vendor/mockery/mockery/library/Mockery.php:742
/Users/vagner/Desenvolvimento/python/clubify-checkout/sdk/php/vendor/mockery/mockery/library/Mockery.php:754
/Users/vagner/Desenvolvimento/python/clubify-checkout/sdk/php/vendor/mockery/mockery/library/Mockery.php:574
/Users/vagner/Desenvolvimento/python/clubify-checkout/sdk/php/tests/TestCase.php:222
/Users/vagner/Desenvolvimento/python/clubify-checkout/sdk/php/tests/TestCase.php:441
/Users/vagner/Desenvolvimento/python/clubify-checkout/sdk/php/tests/TestCase.php:56
/Users/vagner/Desenvolvimento/python/clubify-checkout/sdk/php/tests/Unit/Orders/OrderServiceTest.php:40</error>
        </testcase>
        <testcase name="it_can_get_order_from_cache" file="/Users/vagner/Desenvolvimento/python/clubify-checkout/sdk/php/tests/Unit/Orders/OrderServiceTest.php" line="117" class="Clubify\Checkout\Tests\Unit\Orders\OrderServiceTest" classname="Clubify.Checkout.Tests.Unit.Orders.OrderServiceTest" assertions="0" time="0.000000">
          <error type="InvalidArgumentException">Clubify\Checkout\Tests\Unit\Orders\OrderServiceTest::it_can_get_order_from_cache
InvalidArgumentException: getLogger() cannot be mocked as it is a private method

/Users/vagner/Desenvolvimento/python/clubify-checkout/sdk/php/vendor/mockery/mockery/library/Mockery.php:742
/Users/vagner/Desenvolvimento/python/clubify-checkout/sdk/php/vendor/mockery/mockery/library/Mockery.php:754
/Users/vagner/Desenvolvimento/python/clubify-checkout/sdk/php/vendor/mockery/mockery/library/Mockery.php:574
/Users/vagner/Desenvolvimento/python/clubify-checkout/sdk/php/tests/TestCase.php:222
/Users/vagner/Desenvolvimento/python/clubify-checkout/sdk/php/tests/TestCase.php:441
/Users/vagner/Desenvolvimento/python/clubify-checkout/sdk/php/tests/TestCase.php:56
/Users/vagner/Desenvolvimento/python/clubify-checkout/sdk/php/tests/Unit/Orders/OrderServiceTest.php:40</error>
        </testcase>
        <testcase name="it_can_get_order_from_api_when_not_cached" file="/Users/vagner/Desenvolvimento/python/clubify-checkout/sdk/php/tests/Unit/Orders/OrderServiceTest.php" line="140" class="Clubify\Checkout\Tests\Unit\Orders\OrderServiceTest" classname="Clubify.Checkout.Tests.Unit.Orders.OrderServiceTest" assertions="0" time="0.000000">
          <error type="InvalidArgumentException">Clubify\Checkout\Tests\Unit\Orders\OrderServiceTest::it_can_get_order_from_api_when_not_cached
InvalidArgumentException: getLogger() cannot be mocked as it is a private method

/Users/vagner/Desenvolvimento/python/clubify-checkout/sdk/php/vendor/mockery/mockery/library/Mockery.php:742
/Users/vagner/Desenvolvimento/python/clubify-checkout/sdk/php/vendor/mockery/mockery/library/Mockery.php:754
/Users/vagner/Desenvolvimento/python/clubify-checkout/sdk/php/vendor/mockery/mockery/library/Mockery.php:574
/Users/vagner/Desenvolvimento/python/clubify-checkout/sdk/php/tests/TestCase.php:222
/Users/vagner/Desenvolvimento/python/clubify-checkout/sdk/php/tests/TestCase.php:441
/Users/vagner/Desenvolvimento/python/clubify-checkout/sdk/php/tests/TestCase.php:56
/Users/vagner/Desenvolvimento/python/clubify-checkout/sdk/php/tests/Unit/Orders/OrderServiceTest.php:40</error>
        </testcase>
        <testcase name="it_returns_null_when_order_not_found" file="/Users/vagner/Desenvolvimento/python/clubify-checkout/sdk/php/tests/Unit/Orders/OrderServiceTest.php" line="172" class="Clubify\Checkout\Tests\Unit\Orders\OrderServiceTest" classname="Clubify.Checkout.Tests.Unit.Orders.OrderServiceTest" assertions="0" time="0.000000">
          <error type="InvalidArgumentException">Clubify\Checkout\Tests\Unit\Orders\OrderServiceTest::it_returns_null_when_order_not_found
InvalidArgumentException: getLogger() cannot be mocked as it is a private method

/Users/vagner/Desenvolvimento/python/clubify-checkout/sdk/php/vendor/mockery/mockery/library/Mockery.php:742
/Users/vagner/Desenvolvimento/python/clubify-checkout/sdk/php/vendor/mockery/mockery/library/Mockery.php:754
/Users/vagner/Desenvolvimento/python/clubify-checkout/sdk/php/vendor/mockery/mockery/library/Mockery.php:574
/Users/vagner/Desenvolvimento/python/clubify-checkout/sdk/php/tests/TestCase.php:222
/Users/vagner/Desenvolvimento/python/clubify-checkout/sdk/php/tests/TestCase.php:441
/Users/vagner/Desenvolvimento/python/clubify-checkout/sdk/php/tests/TestCase.php:56
/Users/vagner/Desenvolvimento/python/clubify-checkout/sdk/php/tests/Unit/Orders/OrderServiceTest.php:40</error>
        </testcase>
        <testcase name="it_can_update_order" file="/Users/vagner/Desenvolvimento/python/clubify-checkout/sdk/php/tests/Unit/Orders/OrderServiceTest.php" line="195" class="Clubify\Checkout\Tests\Unit\Orders\OrderServiceTest" classname="Clubify.Checkout.Tests.Unit.Orders.OrderServiceTest" assertions="0" time="0.000000">
          <error type="InvalidArgumentException">Clubify\Checkout\Tests\Unit\Orders\OrderServiceTest::it_can_update_order
InvalidArgumentException: getLogger() cannot be mocked as it is a private method

/Users/vagner/Desenvolvimento/python/clubify-checkout/sdk/php/vendor/mockery/mockery/library/Mockery.php:742
/Users/vagner/Desenvolvimento/python/clubify-checkout/sdk/php/vendor/mockery/mockery/library/Mockery.php:754
/Users/vagner/Desenvolvimento/python/clubify-checkout/sdk/php/vendor/mockery/mockery/library/Mockery.php:574
/Users/vagner/Desenvolvimento/python/clubify-checkout/sdk/php/tests/TestCase.php:222
/Users/vagner/Desenvolvimento/python/clubify-checkout/sdk/php/tests/TestCase.php:441
/Users/vagner/Desenvolvimento/python/clubify-checkout/sdk/php/tests/TestCase.php:56
/Users/vagner/Desenvolvimento/python/clubify-checkout/sdk/php/tests/Unit/Orders/OrderServiceTest.php:40</error>
        </testcase>
        <testcase name="it_can_delete_order" file="/Users/vagner/Desenvolvimento/python/clubify-checkout/sdk/php/tests/Unit/Orders/OrderServiceTest.php" line="227" class="Clubify\Checkout\Tests\Unit\Orders\OrderServiceTest" classname="Clubify.Checkout.Tests.Unit.Orders.OrderServiceTest" assertions="0" time="0.000000">
          <error type="InvalidArgumentException">Clubify\Checkout\Tests\Unit\Orders\OrderServiceTest::it_can_delete_order
InvalidArgumentException: getLogger() cannot be mocked as it is a private method

/Users/vagner/Desenvolvimento/python/clubify-checkout/sdk/php/vendor/mockery/mockery/library/Mockery.php:742
/Users/vagner/Desenvolvimento/python/clubify-checkout/sdk/php/vendor/mockery/mockery/library/Mockery.php:754
/Users/vagner/Desenvolvimento/python/clubify-checkout/sdk/php/vendor/mockery/mockery/library/Mockery.php:574
/Users/vagner/Desenvolvimento/python/clubify-checkout/sdk/php/tests/TestCase.php:222
/Users/vagner/Desenvolvimento/python/clubify-checkout/sdk/php/tests/TestCase.php:441
/Users/vagner/Desenvolvimento/python/clubify-checkout/sdk/php/tests/TestCase.php:56
/Users/vagner/Desenvolvimento/python/clubify-checkout/sdk/php/tests/Unit/Orders/OrderServiceTest.php:40</error>
        </testcase>
        <testcase name="it_can_list_orders_with_filters" file="/Users/vagner/Desenvolvimento/python/clubify-checkout/sdk/php/tests/Unit/Orders/OrderServiceTest.php" line="257" class="Clubify\Checkout\Tests\Unit\Orders\OrderServiceTest" classname="Clubify.Checkout.Tests.Unit.Orders.OrderServiceTest" assertions="0" time="0.000000">
          <error type="InvalidArgumentException">Clubify\Checkout\Tests\Unit\Orders\OrderServiceTest::it_can_list_orders_with_filters
InvalidArgumentException: getLogger() cannot be mocked as it is a private method

/Users/vagner/Desenvolvimento/python/clubify-checkout/sdk/php/vendor/mockery/mockery/library/Mockery.php:742
/Users/vagner/Desenvolvimento/python/clubify-checkout/sdk/php/vendor/mockery/mockery/library/Mockery.php:754
/Users/vagner/Desenvolvimento/python/clubify-checkout/sdk/php/vendor/mockery/mockery/library/Mockery.php:574
/Users/vagner/Desenvolvimento/python/clubify-checkout/sdk/php/tests/TestCase.php:222
/Users/vagner/Desenvolvimento/python/clubify-checkout/sdk/php/tests/TestCase.php:441
/Users/vagner/Desenvolvimento/python/clubify-checkout/sdk/php/tests/TestCase.php:56
/Users/vagner/Desenvolvimento/python/clubify-checkout/sdk/php/tests/Unit/Orders/OrderServiceTest.php:40</error>
        </testcase>
        <testcase name="it_can_bulk_update_orders" file="/Users/vagner/Desenvolvimento/python/clubify-checkout/sdk/php/tests/Unit/Orders/OrderServiceTest.php" line="297" class="Clubify\Checkout\Tests\Unit\Orders\OrderServiceTest" classname="Clubify.Checkout.Tests.Unit.Orders.OrderServiceTest" assertions="0" time="0.000000">
          <error type="InvalidArgumentException">Clubify\Checkout\Tests\Unit\Orders\OrderServiceTest::it_can_bulk_update_orders
InvalidArgumentException: getLogger() cannot be mocked as it is a private method

/Users/vagner/Desenvolvimento/python/clubify-checkout/sdk/php/vendor/mockery/mockery/library/Mockery.php:742
/Users/vagner/Desenvolvimento/python/clubify-checkout/sdk/php/vendor/mockery/mockery/library/Mockery.php:754
/Users/vagner/Desenvolvimento/python/clubify-checkout/sdk/php/vendor/mockery/mockery/library/Mockery.php:574
/Users/vagner/Desenvolvimento/python/clubify-checkout/sdk/php/tests/TestCase.php:222
/Users/vagner/Desenvolvimento/python/clubify-checkout/sdk/php/tests/TestCase.php:441
/Users/vagner/Desenvolvimento/python/clubify-checkout/sdk/php/tests/TestCase.php:56
/Users/vagner/Desenvolvimento/python/clubify-checkout/sdk/php/tests/Unit/Orders/OrderServiceTest.php:40</error>
        </testcase>
        <testcase name="it_validates_order_data" file="/Users/vagner/Desenvolvimento/python/clubify-checkout/sdk/php/tests/Unit/Orders/OrderServiceTest.php" line="351" class="Clubify\Checkout\Tests\Unit\Orders\OrderServiceTest" classname="Clubify.Checkout.Tests.Unit.Orders.OrderServiceTest" assertions="0" time="0.000000">
          <error type="InvalidArgumentException">Clubify\Checkout\Tests\Unit\Orders\OrderServiceTest::it_validates_order_data
InvalidArgumentException: getLogger() cannot be mocked as it is a private method

/Users/vagner/Desenvolvimento/python/clubify-checkout/sdk/php/vendor/mockery/mockery/library/Mockery.php:742
/Users/vagner/Desenvolvimento/python/clubify-checkout/sdk/php/vendor/mockery/mockery/library/Mockery.php:754
/Users/vagner/Desenvolvimento/python/clubify-checkout/sdk/php/vendor/mockery/mockery/library/Mockery.php:574
/Users/vagner/Desenvolvimento/python/clubify-checkout/sdk/php/tests/TestCase.php:222
/Users/vagner/Desenvolvimento/python/clubify-checkout/sdk/php/tests/TestCase.php:441
/Users/vagner/Desenvolvimento/python/clubify-checkout/sdk/php/tests/TestCase.php:56
/Users/vagner/Desenvolvimento/python/clubify-checkout/sdk/php/tests/Unit/Orders/OrderServiceTest.php:40</error>
        </testcase>
        <testcase name="it_performs_health_check" file="/Users/vagner/Desenvolvimento/python/clubify-checkout/sdk/php/tests/Unit/Orders/OrderServiceTest.php" line="371" class="Clubify\Checkout\Tests\Unit\Orders\OrderServiceTest" classname="Clubify.Checkout.Tests.Unit.Orders.OrderServiceTest" assertions="0" time="0.000000">
          <error type="InvalidArgumentException">Clubify\Checkout\Tests\Unit\Orders\OrderServiceTest::it_performs_health_check
InvalidArgumentException: getLogger() cannot be mocked as it is a private method

/Users/vagner/Desenvolvimento/python/clubify-checkout/sdk/php/vendor/mockery/mockery/library/Mockery.php:742
/Users/vagner/Desenvolvimento/python/clubify-checkout/sdk/php/vendor/mockery/mockery/library/Mockery.php:754
/Users/vagner/Desenvolvimento/python/clubify-checkout/sdk/php/vendor/mockery/mockery/library/Mockery.php:574
/Users/vagner/Desenvolvimento/python/clubify-checkout/sdk/php/tests/TestCase.php:222
/Users/vagner/Desenvolvimento/python/clubify-checkout/sdk/php/tests/TestCase.php:441
/Users/vagner/Desenvolvimento/python/clubify-checkout/sdk/php/tests/TestCase.php:56
/Users/vagner/Desenvolvimento/python/clubify-checkout/sdk/php/tests/Unit/Orders/OrderServiceTest.php:40</error>
        </testcase>
        <testcase name="it_handles_api_errors_gracefully" file="/Users/vagner/Desenvolvimento/python/clubify-checkout/sdk/php/tests/Unit/Orders/OrderServiceTest.php" line="398" class="Clubify\Checkout\Tests\Unit\Orders\OrderServiceTest" classname="Clubify.Checkout.Tests.Unit.Orders.OrderServiceTest" assertions="0" time="0.000000">
          <error type="InvalidArgumentException">Clubify\Checkout\Tests\Unit\Orders\OrderServiceTest::it_handles_api_errors_gracefully
InvalidArgumentException: getLogger() cannot be mocked as it is a private method

/Users/vagner/Desenvolvimento/python/clubify-checkout/sdk/php/vendor/mockery/mockery/library/Mockery.php:742
/Users/vagner/Desenvolvimento/python/clubify-checkout/sdk/php/vendor/mockery/mockery/library/Mockery.php:754
/Users/vagner/Desenvolvimento/python/clubify-checkout/sdk/php/vendor/mockery/mockery/library/Mockery.php:574
/Users/vagner/Desenvolvimento/python/clubify-checkout/sdk/php/tests/TestCase.php:222
/Users/vagner/Desenvolvimento/python/clubify-checkout/sdk/php/tests/TestCase.php:441
/Users/vagner/Desenvolvimento/python/clubify-checkout/sdk/php/tests/TestCase.php:56
/Users/vagner/Desenvolvimento/python/clubify-checkout/sdk/php/tests/Unit/Orders/OrderServiceTest.php:40</error>
        </testcase>
        <testcase name="it_calculates_metrics_correctly" file="/Users/vagner/Desenvolvimento/python/clubify-checkout/sdk/php/tests/Unit/Orders/OrderServiceTest.php" line="421" class="Clubify\Checkout\Tests\Unit\Orders\OrderServiceTest" classname="Clubify.Checkout.Tests.Unit.Orders.OrderServiceTest" assertions="0" time="0.000000">
          <error type="InvalidArgumentException">Clubify\Checkout\Tests\Unit\Orders\OrderServiceTest::it_calculates_metrics_correctly
InvalidArgumentException: getLogger() cannot be mocked as it is a private method

/Users/vagner/Desenvolvimento/python/clubify-checkout/sdk/php/vendor/mockery/mockery/library/Mockery.php:742
/Users/vagner/Desenvolvimento/python/clubify-checkout/sdk/php/vendor/mockery/mockery/library/Mockery.php:754
/Users/vagner/Desenvolvimento/python/clubify-checkout/sdk/php/vendor/mockery/mockery/library/Mockery.php:574
/Users/vagner/Desenvolvimento/python/clubify-checkout/sdk/php/tests/TestCase.php:222
/Users/vagner/Desenvolvimento/python/clubify-checkout/sdk/php/tests/TestCase.php:441
/Users/vagner/Desenvolvimento/python/clubify-checkout/sdk/php/tests/TestCase.php:56
/Users/vagner/Desenvolvimento/python/clubify-checkout/sdk/php/tests/Unit/Orders/OrderServiceTest.php:40</error>
        </testcase>
        <testcase name="it_handles_cache_failures_gracefully" file="/Users/vagner/Desenvolvimento/python/clubify-checkout/sdk/php/tests/Unit/Orders/OrderServiceTest.php" line="440" class="Clubify\Checkout\Tests\Unit\Orders\OrderServiceTest" classname="Clubify.Checkout.Tests.Unit.Orders.OrderServiceTest" assertions="0" time="0.000000">
          <error type="InvalidArgumentException">Clubify\Checkout\Tests\Unit\Orders\OrderServiceTest::it_handles_cache_failures_gracefully
InvalidArgumentException: getLogger() cannot be mocked as it is a private method

/Users/vagner/Desenvolvimento/python/clubify-checkout/sdk/php/vendor/mockery/mockery/library/Mockery.php:742
/Users/vagner/Desenvolvimento/python/clubify-checkout/sdk/php/vendor/mockery/mockery/library/Mockery.php:754
/Users/vagner/Desenvolvimento/python/clubify-checkout/sdk/php/vendor/mockery/mockery/library/Mockery.php:574
/Users/vagner/Desenvolvimento/python/clubify-checkout/sdk/php/tests/TestCase.php:222
/Users/vagner/Desenvolvimento/python/clubify-checkout/sdk/php/tests/TestCase.php:441
/Users/vagner/Desenvolvimento/python/clubify-checkout/sdk/php/tests/TestCase.php:56
/Users/vagner/Desenvolvimento/python/clubify-checkout/sdk/php/tests/Unit/Orders/OrderServiceTest.php:40</error>
        </testcase>
        <testcase name="it_handles_concurrent_access_properly" file="/Users/vagner/Desenvolvimento/python/clubify-checkout/sdk/php/tests/Unit/Orders/OrderServiceTest.php" line="468" class="Clubify\Checkout\Tests\Unit\Orders\OrderServiceTest" classname="Clubify.Checkout.Tests.Unit.Orders.OrderServiceTest" assertions="0" time="0.000000">
          <error type="InvalidArgumentException">Clubify\Checkout\Tests\Unit\Orders\OrderServiceTest::it_handles_concurrent_access_properly
InvalidArgumentException: getLogger() cannot be mocked as it is a private method

/Users/vagner/Desenvolvimento/python/clubify-checkout/sdk/php/vendor/mockery/mockery/library/Mockery.php:742
/Users/vagner/Desenvolvimento/python/clubify-checkout/sdk/php/vendor/mockery/mockery/library/Mockery.php:754
/Users/vagner/Desenvolvimento/python/clubify-checkout/sdk/php/vendor/mockery/mockery/library/Mockery.php:574
/Users/vagner/Desenvolvimento/python/clubify-checkout/sdk/php/tests/TestCase.php:222
/Users/vagner/Desenvolvimento/python/clubify-checkout/sdk/php/tests/TestCase.php:441
/Users/vagner/Desenvolvimento/python/clubify-checkout/sdk/php/tests/TestCase.php:56
/Users/vagner/Desenvolvimento/python/clubify-checkout/sdk/php/tests/Unit/Orders/OrderServiceTest.php:40</error>
        </testcase>
      </testsuite>
      <testsuite name="Clubify\Checkout\Tests\Unit\Orders\OrdersModuleTest" file="/Users/vagner/Desenvolvimento/python/clubify-checkout/sdk/php/tests/Unit/Orders/OrdersModuleTest.php" tests="21" assertions="0" errors="21" failures="0" skipped="0" time="0.000000">
        <testcase name="it_can_be_instantiated" file="/Users/vagner/Desenvolvimento/python/clubify-checkout/sdk/php/tests/Unit/Orders/OrdersModuleTest.php" line="57" class="Clubify\Checkout\Tests\Unit\Orders\OrdersModuleTest" classname="Clubify.Checkout.Tests.Unit.Orders.OrdersModuleTest" assertions="0" time="0.000000">
          <error type="InvalidArgumentException">Clubify\Checkout\Tests\Unit\Orders\OrdersModuleTest::it_can_be_instantiated
InvalidArgumentException: getLogger() cannot be mocked as it is a private method

/Users/vagner/Desenvolvimento/python/clubify-checkout/sdk/php/vendor/mockery/mockery/library/Mockery.php:742
/Users/vagner/Desenvolvimento/python/clubify-checkout/sdk/php/vendor/mockery/mockery/library/Mockery.php:754
/Users/vagner/Desenvolvimento/python/clubify-checkout/sdk/php/vendor/mockery/mockery/library/Mockery.php:574
/Users/vagner/Desenvolvimento/python/clubify-checkout/sdk/php/tests/TestCase.php:222
/Users/vagner/Desenvolvimento/python/clubify-checkout/sdk/php/tests/TestCase.php:441
/Users/vagner/Desenvolvimento/python/clubify-checkout/sdk/php/tests/TestCase.php:56
/Users/vagner/Desenvolvimento/python/clubify-checkout/sdk/php/tests/Unit/Orders/OrdersModuleTest.php:44</error>
        </testcase>
        <testcase name="it_can_be_initialized" file="/Users/vagner/Desenvolvimento/python/clubify-checkout/sdk/php/tests/Unit/Orders/OrdersModuleTest.php" line="66" class="Clubify\Checkout\Tests\Unit\Orders\OrdersModuleTest" classname="Clubify.Checkout.Tests.Unit.Orders.OrdersModuleTest" assertions="0" time="0.000000">
          <error type="InvalidArgumentException">Clubify\Checkout\Tests\Unit\Orders\OrdersModuleTest::it_can_be_initialized
InvalidArgumentException: getLogger() cannot be mocked as it is a private method

/Users/vagner/Desenvolvimento/python/clubify-checkout/sdk/php/vendor/mockery/mockery/library/Mockery.php:742
/Users/vagner/Desenvolvimento/python/clubify-checkout/sdk/php/vendor/mockery/mockery/library/Mockery.php:754
/Users/vagner/Desenvolvimento/python/clubify-checkout/sdk/php/vendor/mockery/mockery/library/Mockery.php:574
/Users/vagner/Desenvolvimento/python/clubify-checkout/sdk/php/tests/TestCase.php:222
/Users/vagner/Desenvolvimento/python/clubify-checkout/sdk/php/tests/TestCase.php:441
/Users/vagner/Desenvolvimento/python/clubify-checkout/sdk/php/tests/TestCase.php:56
/Users/vagner/Desenvolvimento/python/clubify-checkout/sdk/php/tests/Unit/Orders/OrdersModuleTest.php:44</error>
        </testcase>
        <testcase name="it_returns_correct_dependencies" file="/Users/vagner/Desenvolvimento/python/clubify-checkout/sdk/php/tests/Unit/Orders/OrdersModuleTest.php" line="78" class="Clubify\Checkout\Tests\Unit\Orders\OrdersModuleTest" classname="Clubify.Checkout.Tests.Unit.Orders.OrdersModuleTest" assertions="0" time="0.000000">
          <error type="InvalidArgumentException">Clubify\Checkout\Tests\Unit\Orders\OrdersModuleTest::it_returns_correct_dependencies
InvalidArgumentException: getLogger() cannot be mocked as it is a private method

/Users/vagner/Desenvolvimento/python/clubify-checkout/sdk/php/vendor/mockery/mockery/library/Mockery.php:742
/Users/vagner/Desenvolvimento/python/clubify-checkout/sdk/php/vendor/mockery/mockery/library/Mockery.php:754
/Users/vagner/Desenvolvimento/python/clubify-checkout/sdk/php/vendor/mockery/mockery/library/Mockery.php:574
/Users/vagner/Desenvolvimento/python/clubify-checkout/sdk/php/tests/TestCase.php:222
/Users/vagner/Desenvolvimento/python/clubify-checkout/sdk/php/tests/TestCase.php:441
/Users/vagner/Desenvolvimento/python/clubify-checkout/sdk/php/tests/TestCase.php:56
/Users/vagner/Desenvolvimento/python/clubify-checkout/sdk/php/tests/Unit/Orders/OrdersModuleTest.php:44</error>
        </testcase>
        <testcase name="it_returns_module_status" file="/Users/vagner/Desenvolvimento/python/clubify-checkout/sdk/php/tests/Unit/Orders/OrdersModuleTest.php" line="88" class="Clubify\Checkout\Tests\Unit\Orders\OrdersModuleTest" classname="Clubify.Checkout.Tests.Unit.Orders.OrdersModuleTest" assertions="0" time="0.000000">
          <error type="InvalidArgumentException">Clubify\Checkout\Tests\Unit\Orders\OrdersModuleTest::it_returns_module_status
InvalidArgumentException: getLogger() cannot be mocked as it is a private method

/Users/vagner/Desenvolvimento/python/clubify-checkout/sdk/php/vendor/mockery/mockery/library/Mockery.php:742
/Users/vagner/Desenvolvimento/python/clubify-checkout/sdk/php/vendor/mockery/mockery/library/Mockery.php:754
/Users/vagner/Desenvolvimento/python/clubify-checkout/sdk/php/vendor/mockery/mockery/library/Mockery.php:574
/Users/vagner/Desenvolvimento/python/clubify-checkout/sdk/php/tests/TestCase.php:222
/Users/vagner/Desenvolvimento/python/clubify-checkout/sdk/php/tests/TestCase.php:441
/Users/vagner/Desenvolvimento/python/clubify-checkout/sdk/php/tests/TestCase.php:56
/Users/vagner/Desenvolvimento/python/clubify-checkout/sdk/php/tests/Unit/Orders/OrdersModuleTest.php:44</error>
        </testcase>
        <testcase name="it_throws_exception_when_not_initialized" file="/Users/vagner/Desenvolvimento/python/clubify-checkout/sdk/php/tests/Unit/Orders/OrdersModuleTest.php" line="107" class="Clubify\Checkout\Tests\Unit\Orders\OrdersModuleTest" classname="Clubify.Checkout.Tests.Unit.Orders.OrdersModuleTest" assertions="0" time="0.000000">
          <error type="InvalidArgumentException">Clubify\Checkout\Tests\Unit\Orders\OrdersModuleTest::it_throws_exception_when_not_initialized
InvalidArgumentException: getLogger() cannot be mocked as it is a private method

/Users/vagner/Desenvolvimento/python/clubify-checkout/sdk/php/vendor/mockery/mockery/library/Mockery.php:742
/Users/vagner/Desenvolvimento/python/clubify-checkout/sdk/php/vendor/mockery/mockery/library/Mockery.php:754
/Users/vagner/Desenvolvimento/python/clubify-checkout/sdk/php/vendor/mockery/mockery/library/Mockery.php:574
/Users/vagner/Desenvolvimento/python/clubify-checkout/sdk/php/tests/TestCase.php:222
/Users/vagner/Desenvolvimento/python/clubify-checkout/sdk/php/tests/TestCase.php:441
/Users/vagner/Desenvolvimento/python/clubify-checkout/sdk/php/tests/TestCase.php:56
/Users/vagner/Desenvolvimento/python/clubify-checkout/sdk/php/tests/Unit/Orders/OrdersModuleTest.php:44</error>
        </testcase>
        <testcase name="it_can_create_order" file="/Users/vagner/Desenvolvimento/python/clubify-checkout/sdk/php/tests/Unit/Orders/OrdersModuleTest.php" line="116" class="Clubify\Checkout\Tests\Unit\Orders\OrdersModuleTest" classname="Clubify.Checkout.Tests.Unit.Orders.OrdersModuleTest" assertions="0" time="0.000000">
          <error type="InvalidArgumentException">Clubify\Checkout\Tests\Unit\Orders\OrdersModuleTest::it_can_create_order
InvalidArgumentException: getLogger() cannot be mocked as it is a private method

/Users/vagner/Desenvolvimento/python/clubify-checkout/sdk/php/vendor/mockery/mockery/library/Mockery.php:742
/Users/vagner/Desenvolvimento/python/clubify-checkout/sdk/php/vendor/mockery/mockery/library/Mockery.php:754
/Users/vagner/Desenvolvimento/python/clubify-checkout/sdk/php/vendor/mockery/mockery/library/Mockery.php:574
/Users/vagner/Desenvolvimento/python/clubify-checkout/sdk/php/tests/TestCase.php:222
/Users/vagner/Desenvolvimento/python/clubify-checkout/sdk/php/tests/TestCase.php:441
/Users/vagner/Desenvolvimento/python/clubify-checkout/sdk/php/tests/TestCase.php:56
/Users/vagner/Desenvolvimento/python/clubify-checkout/sdk/php/tests/Unit/Orders/OrdersModuleTest.php:44</error>
        </testcase>
        <testcase name="it_can_get_order" file="/Users/vagner/Desenvolvimento/python/clubify-checkout/sdk/php/tests/Unit/Orders/OrdersModuleTest.php" line="143" class="Clubify\Checkout\Tests\Unit\Orders\OrdersModuleTest" classname="Clubify.Checkout.Tests.Unit.Orders.OrdersModuleTest" assertions="0" time="0.000000">
          <error type="InvalidArgumentException">Clubify\Checkout\Tests\Unit\Orders\OrdersModuleTest::it_can_get_order
InvalidArgumentException: getLogger() cannot be mocked as it is a private method

/Users/vagner/Desenvolvimento/python/clubify-checkout/sdk/php/vendor/mockery/mockery/library/Mockery.php:742
/Users/vagner/Desenvolvimento/python/clubify-checkout/sdk/php/vendor/mockery/mockery/library/Mockery.php:754
/Users/vagner/Desenvolvimento/python/clubify-checkout/sdk/php/vendor/mockery/mockery/library/Mockery.php:574
/Users/vagner/Desenvolvimento/python/clubify-checkout/sdk/php/tests/TestCase.php:222
/Users/vagner/Desenvolvimento/python/clubify-checkout/sdk/php/tests/TestCase.php:441
/Users/vagner/Desenvolvimento/python/clubify-checkout/sdk/php/tests/TestCase.php:56
/Users/vagner/Desenvolvimento/python/clubify-checkout/sdk/php/tests/Unit/Orders/OrdersModuleTest.php:44</error>
        </testcase>
        <testcase name="it_can_update_order" file="/Users/vagner/Desenvolvimento/python/clubify-checkout/sdk/php/tests/Unit/Orders/OrdersModuleTest.php" line="169" class="Clubify\Checkout\Tests\Unit\Orders\OrdersModuleTest" classname="Clubify.Checkout.Tests.Unit.Orders.OrdersModuleTest" assertions="0" time="0.000000">
          <error type="InvalidArgumentException">Clubify\Checkout\Tests\Unit\Orders\OrdersModuleTest::it_can_update_order
InvalidArgumentException: getLogger() cannot be mocked as it is a private method

/Users/vagner/Desenvolvimento/python/clubify-checkout/sdk/php/vendor/mockery/mockery/library/Mockery.php:742
/Users/vagner/Desenvolvimento/python/clubify-checkout/sdk/php/vendor/mockery/mockery/library/Mockery.php:754
/Users/vagner/Desenvolvimento/python/clubify-checkout/sdk/php/vendor/mockery/mockery/library/Mockery.php:574
/Users/vagner/Desenvolvimento/python/clubify-checkout/sdk/php/tests/TestCase.php:222
/Users/vagner/Desenvolvimento/python/clubify-checkout/sdk/php/tests/TestCase.php:441
/Users/vagner/Desenvolvimento/python/clubify-checkout/sdk/php/tests/TestCase.php:56
/Users/vagner/Desenvolvimento/python/clubify-checkout/sdk/php/tests/Unit/Orders/OrdersModuleTest.php:44</error>
        </testcase>
        <testcase name="it_can_list_orders" file="/Users/vagner/Desenvolvimento/python/clubify-checkout/sdk/php/tests/Unit/Orders/OrdersModuleTest.php" line="196" class="Clubify\Checkout\Tests\Unit\Orders\OrdersModuleTest" classname="Clubify.Checkout.Tests.Unit.Orders.OrdersModuleTest" assertions="0" time="0.000000">
          <error type="InvalidArgumentException">Clubify\Checkout\Tests\Unit\Orders\OrdersModuleTest::it_can_list_orders
InvalidArgumentException: getLogger() cannot be mocked as it is a private method

/Users/vagner/Desenvolvimento/python/clubify-checkout/sdk/php/vendor/mockery/mockery/library/Mockery.php:742
/Users/vagner/Desenvolvimento/python/clubify-checkout/sdk/php/vendor/mockery/mockery/library/Mockery.php:754
/Users/vagner/Desenvolvimento/python/clubify-checkout/sdk/php/vendor/mockery/mockery/library/Mockery.php:574
/Users/vagner/Desenvolvimento/python/clubify-checkout/sdk/php/tests/TestCase.php:222
/Users/vagner/Desenvolvimento/python/clubify-checkout/sdk/php/tests/TestCase.php:441
/Users/vagner/Desenvolvimento/python/clubify-checkout/sdk/php/tests/TestCase.php:56
/Users/vagner/Desenvolvimento/python/clubify-checkout/sdk/php/tests/Unit/Orders/OrdersModuleTest.php:44</error>
        </testcase>
        <testcase name="it_can_update_order_status" file="/Users/vagner/Desenvolvimento/python/clubify-checkout/sdk/php/tests/Unit/Orders/OrdersModuleTest.php" line="229" class="Clubify\Checkout\Tests\Unit\Orders\OrdersModuleTest" classname="Clubify.Checkout.Tests.Unit.Orders.OrdersModuleTest" assertions="0" time="0.000000">
          <error type="InvalidArgumentException">Clubify\Checkout\Tests\Unit\Orders\OrdersModuleTest::it_can_update_order_status
InvalidArgumentException: getLogger() cannot be mocked as it is a private method

/Users/vagner/Desenvolvimento/python/clubify-checkout/sdk/php/vendor/mockery/mockery/library/Mockery.php:742
/Users/vagner/Desenvolvimento/python/clubify-checkout/sdk/php/vendor/mockery/mockery/library/Mockery.php:754
/Users/vagner/Desenvolvimento/python/clubify-checkout/sdk/php/vendor/mockery/mockery/library/Mockery.php:574
/Users/vagner/Desenvolvimento/python/clubify-checkout/sdk/php/tests/TestCase.php:222
/Users/vagner/Desenvolvimento/python/clubify-checkout/sdk/php/tests/TestCase.php:441
/Users/vagner/Desenvolvimento/python/clubify-checkout/sdk/php/tests/TestCase.php:56
/Users/vagner/Desenvolvimento/python/clubify-checkout/sdk/php/tests/Unit/Orders/OrdersModuleTest.php:44</error>
        </testcase>
        <testcase name="it_can_cancel_order" file="/Users/vagner/Desenvolvimento/python/clubify-checkout/sdk/php/tests/Unit/Orders/OrdersModuleTest.php" line="256" class="Clubify\Checkout\Tests\Unit\Orders\OrdersModuleTest" classname="Clubify.Checkout.Tests.Unit.Orders.OrdersModuleTest" assertions="0" time="0.000000">
          <error type="InvalidArgumentException">Clubify\Checkout\Tests\Unit\Orders\OrdersModuleTest::it_can_cancel_order
InvalidArgumentException: getLogger() cannot be mocked as it is a private method

/Users/vagner/Desenvolvimento/python/clubify-checkout/sdk/php/vendor/mockery/mockery/library/Mockery.php:742
/Users/vagner/Desenvolvimento/python/clubify-checkout/sdk/php/vendor/mockery/mockery/library/Mockery.php:754
/Users/vagner/Desenvolvimento/python/clubify-checkout/sdk/php/vendor/mockery/mockery/library/Mockery.php:574
/Users/vagner/Desenvolvimento/python/clubify-checkout/sdk/php/tests/TestCase.php:222
/Users/vagner/Desenvolvimento/python/clubify-checkout/sdk/php/tests/TestCase.php:441
/Users/vagner/Desenvolvimento/python/clubify-checkout/sdk/php/tests/TestCase.php:56
/Users/vagner/Desenvolvimento/python/clubify-checkout/sdk/php/tests/Unit/Orders/OrdersModuleTest.php:44</error>
        </testcase>
        <testcase name="it_can_get_order_history" file="/Users/vagner/Desenvolvimento/python/clubify-checkout/sdk/php/tests/Unit/Orders/OrdersModuleTest.php" line="282" class="Clubify\Checkout\Tests\Unit\Orders\OrdersModuleTest" classname="Clubify.Checkout.Tests.Unit.Orders.OrdersModuleTest" assertions="0" time="0.000000">
          <error type="InvalidArgumentException">Clubify\Checkout\Tests\Unit\Orders\OrdersModuleTest::it_can_get_order_history
InvalidArgumentException: getLogger() cannot be mocked as it is a private method

/Users/vagner/Desenvolvimento/python/clubify-checkout/sdk/php/vendor/mockery/mockery/library/Mockery.php:742
/Users/vagner/Desenvolvimento/python/clubify-checkout/sdk/php/vendor/mockery/mockery/library/Mockery.php:754
/Users/vagner/Desenvolvimento/python/clubify-checkout/sdk/php/vendor/mockery/mockery/library/Mockery.php:574
/Users/vagner/Desenvolvimento/python/clubify-checkout/sdk/php/tests/TestCase.php:222
/Users/vagner/Desenvolvimento/python/clubify-checkout/sdk/php/tests/TestCase.php:441
/Users/vagner/Desenvolvimento/python/clubify-checkout/sdk/php/tests/TestCase.php:56
/Users/vagner/Desenvolvimento/python/clubify-checkout/sdk/php/tests/Unit/Orders/OrdersModuleTest.php:44</error>
        </testcase>
        <testcase name="it_can_process_upsell" file="/Users/vagner/Desenvolvimento/python/clubify-checkout/sdk/php/tests/Unit/Orders/OrdersModuleTest.php" line="312" class="Clubify\Checkout\Tests\Unit\Orders\OrdersModuleTest" classname="Clubify.Checkout.Tests.Unit.Orders.OrdersModuleTest" assertions="0" time="0.000000">
          <error type="InvalidArgumentException">Clubify\Checkout\Tests\Unit\Orders\OrdersModuleTest::it_can_process_upsell
InvalidArgumentException: getLogger() cannot be mocked as it is a private method

/Users/vagner/Desenvolvimento/python/clubify-checkout/sdk/php/vendor/mockery/mockery/library/Mockery.php:742
/Users/vagner/Desenvolvimento/python/clubify-checkout/sdk/php/vendor/mockery/mockery/library/Mockery.php:754
/Users/vagner/Desenvolvimento/python/clubify-checkout/sdk/php/vendor/mockery/mockery/library/Mockery.php:574
/Users/vagner/Desenvolvimento/python/clubify-checkout/sdk/php/tests/TestCase.php:222
/Users/vagner/Desenvolvimento/python/clubify-checkout/sdk/php/tests/TestCase.php:441
/Users/vagner/Desenvolvimento/python/clubify-checkout/sdk/php/tests/TestCase.php:56
/Users/vagner/Desenvolvimento/python/clubify-checkout/sdk/php/tests/Unit/Orders/OrdersModuleTest.php:44</error>
        </testcase>
        <testcase name="it_can_get_analytics" file="/Users/vagner/Desenvolvimento/python/clubify-checkout/sdk/php/tests/Unit/Orders/OrdersModuleTest.php" line="339" class="Clubify\Checkout\Tests\Unit\Orders\OrdersModuleTest" classname="Clubify.Checkout.Tests.Unit.Orders.OrdersModuleTest" assertions="0" time="0.000000">
          <error type="InvalidArgumentException">Clubify\Checkout\Tests\Unit\Orders\OrdersModuleTest::it_can_get_analytics
InvalidArgumentException: getLogger() cannot be mocked as it is a private method

/Users/vagner/Desenvolvimento/python/clubify-checkout/sdk/php/vendor/mockery/mockery/library/Mockery.php:742
/Users/vagner/Desenvolvimento/python/clubify-checkout/sdk/php/vendor/mockery/mockery/library/Mockery.php:754
/Users/vagner/Desenvolvimento/python/clubify-checkout/sdk/php/vendor/mockery/mockery/library/Mockery.php:574
/Users/vagner/Desenvolvimento/python/clubify-checkout/sdk/php/tests/TestCase.php:222
/Users/vagner/Desenvolvimento/python/clubify-checkout/sdk/php/tests/TestCase.php:441
/Users/vagner/Desenvolvimento/python/clubify-checkout/sdk/php/tests/TestCase.php:56
/Users/vagner/Desenvolvimento/python/clubify-checkout/sdk/php/tests/Unit/Orders/OrdersModuleTest.php:44</error>
        </testcase>
        <testcase name="it_can_get_revenue_statistics" file="/Users/vagner/Desenvolvimento/python/clubify-checkout/sdk/php/tests/Unit/Orders/OrdersModuleTest.php" line="370" class="Clubify\Checkout\Tests\Unit\Orders\OrdersModuleTest" classname="Clubify.Checkout.Tests.Unit.Orders.OrdersModuleTest" assertions="0" time="0.000000">
          <error type="InvalidArgumentException">Clubify\Checkout\Tests\Unit\Orders\OrdersModuleTest::it_can_get_revenue_statistics
InvalidArgumentException: getLogger() cannot be mocked as it is a private method

/Users/vagner/Desenvolvimento/python/clubify-checkout/sdk/php/vendor/mockery/mockery/library/Mockery.php:742
/Users/vagner/Desenvolvimento/python/clubify-checkout/sdk/php/vendor/mockery/mockery/library/Mockery.php:754
/Users/vagner/Desenvolvimento/python/clubify-checkout/sdk/php/vendor/mockery/mockery/library/Mockery.php:574
/Users/vagner/Desenvolvimento/python/clubify-checkout/sdk/php/tests/TestCase.php:222
/Users/vagner/Desenvolvimento/python/clubify-checkout/sdk/php/tests/TestCase.php:441
/Users/vagner/Desenvolvimento/python/clubify-checkout/sdk/php/tests/TestCase.php:56
/Users/vagner/Desenvolvimento/python/clubify-checkout/sdk/php/tests/Unit/Orders/OrdersModuleTest.php:44</error>
        </testcase>
        <testcase name="it_performs_health_check" file="/Users/vagner/Desenvolvimento/python/clubify-checkout/sdk/php/tests/Unit/Orders/OrdersModuleTest.php" line="401" class="Clubify\Checkout\Tests\Unit\Orders\OrdersModuleTest" classname="Clubify.Checkout.Tests.Unit.Orders.OrdersModuleTest" assertions="0" time="0.000000">
          <error type="InvalidArgumentException">Clubify\Checkout\Tests\Unit\Orders\OrdersModuleTest::it_performs_health_check
InvalidArgumentException: getLogger() cannot be mocked as it is a private method

/Users/vagner/Desenvolvimento/python/clubify-checkout/sdk/php/vendor/mockery/mockery/library/Mockery.php:742
/Users/vagner/Desenvolvimento/python/clubify-checkout/sdk/php/vendor/mockery/mockery/library/Mockery.php:754
/Users/vagner/Desenvolvimento/python/clubify-checkout/sdk/php/vendor/mockery/mockery/library/Mockery.php:574
/Users/vagner/Desenvolvimento/python/clubify-checkout/sdk/php/tests/TestCase.php:222
/Users/vagner/Desenvolvimento/python/clubify-checkout/sdk/php/tests/TestCase.php:441
/Users/vagner/Desenvolvimento/python/clubify-checkout/sdk/php/tests/TestCase.php:56
/Users/vagner/Desenvolvimento/python/clubify-checkout/sdk/php/tests/Unit/Orders/OrdersModuleTest.php:44</error>
        </testcase>
        <testcase name="it_can_bulk_update_orders" file="/Users/vagner/Desenvolvimento/python/clubify-checkout/sdk/php/tests/Unit/Orders/OrdersModuleTest.php" line="430" class="Clubify\Checkout\Tests\Unit\Orders\OrdersModuleTest" classname="Clubify.Checkout.Tests.Unit.Orders.OrdersModuleTest" assertions="0" time="0.000000">
          <error type="InvalidArgumentException">Clubify\Checkout\Tests\Unit\Orders\OrdersModuleTest::it_can_bulk_update_orders
InvalidArgumentException: getLogger() cannot be mocked as it is a private method

/Users/vagner/Desenvolvimento/python/clubify-checkout/sdk/php/vendor/mockery/mockery/library/Mockery.php:742
/Users/vagner/Desenvolvimento/python/clubify-checkout/sdk/php/vendor/mockery/mockery/library/Mockery.php:754
/Users/vagner/Desenvolvimento/python/clubify-checkout/sdk/php/vendor/mockery/mockery/library/Mockery.php:574
/Users/vagner/Desenvolvimento/python/clubify-checkout/sdk/php/tests/TestCase.php:222
/Users/vagner/Desenvolvimento/python/clubify-checkout/sdk/php/tests/TestCase.php:441
/Users/vagner/Desenvolvimento/python/clubify-checkout/sdk/php/tests/TestCase.php:56
/Users/vagner/Desenvolvimento/python/clubify-checkout/sdk/php/tests/Unit/Orders/OrdersModuleTest.php:44</error>
        </testcase>
        <testcase name="it_can_cleanup_properly" file="/Users/vagner/Desenvolvimento/python/clubify-checkout/sdk/php/tests/Unit/Orders/OrdersModuleTest.php" line="464" class="Clubify\Checkout\Tests\Unit\Orders\OrdersModuleTest" classname="Clubify.Checkout.Tests.Unit.Orders.OrdersModuleTest" assertions="0" time="0.000000">
          <error type="InvalidArgumentException">Clubify\Checkout\Tests\Unit\Orders\OrdersModuleTest::it_can_cleanup_properly
InvalidArgumentException: getLogger() cannot be mocked as it is a private method

/Users/vagner/Desenvolvimento/python/clubify-checkout/sdk/php/vendor/mockery/mockery/library/Mockery.php:742
/Users/vagner/Desenvolvimento/python/clubify-checkout/sdk/php/vendor/mockery/mockery/library/Mockery.php:754
/Users/vagner/Desenvolvimento/python/clubify-checkout/sdk/php/vendor/mockery/mockery/library/Mockery.php:574
/Users/vagner/Desenvolvimento/python/clubify-checkout/sdk/php/tests/TestCase.php:222
/Users/vagner/Desenvolvimento/python/clubify-checkout/sdk/php/tests/TestCase.php:441
/Users/vagner/Desenvolvimento/python/clubify-checkout/sdk/php/tests/TestCase.php:56
/Users/vagner/Desenvolvimento/python/clubify-checkout/sdk/php/tests/Unit/Orders/OrdersModuleTest.php:44</error>
        </testcase>
        <testcase name="it_returns_stats" file="/Users/vagner/Desenvolvimento/python/clubify-checkout/sdk/php/tests/Unit/Orders/OrdersModuleTest.php" line="478" class="Clubify\Checkout\Tests\Unit\Orders\OrdersModuleTest" classname="Clubify.Checkout.Tests.Unit.Orders.OrdersModuleTest" assertions="0" time="0.000000">
          <error type="InvalidArgumentException">Clubify\Checkout\Tests\Unit\Orders\OrdersModuleTest::it_returns_stats
InvalidArgumentException: getLogger() cannot be mocked as it is a private method

/Users/vagner/Desenvolvimento/python/clubify-checkout/sdk/php/vendor/mockery/mockery/library/Mockery.php:742
/Users/vagner/Desenvolvimento/python/clubify-checkout/sdk/php/vendor/mockery/mockery/library/Mockery.php:754
/Users/vagner/Desenvolvimento/python/clubify-checkout/sdk/php/vendor/mockery/mockery/library/Mockery.php:574
/Users/vagner/Desenvolvimento/python/clubify-checkout/sdk/php/tests/TestCase.php:222
/Users/vagner/Desenvolvimento/python/clubify-checkout/sdk/php/tests/TestCase.php:441
/Users/vagner/Desenvolvimento/python/clubify-checkout/sdk/php/tests/TestCase.php:56
/Users/vagner/Desenvolvimento/python/clubify-checkout/sdk/php/tests/Unit/Orders/OrdersModuleTest.php:44</error>
        </testcase>
        <testcase name="it_handles_invalid_operations_gracefully" file="/Users/vagner/Desenvolvimento/python/clubify-checkout/sdk/php/tests/Unit/Orders/OrdersModuleTest.php" line="500" class="Clubify\Checkout\Tests\Unit\Orders\OrdersModuleTest" classname="Clubify.Checkout.Tests.Unit.Orders.OrdersModuleTest" assertions="0" time="0.000000">
          <error type="InvalidArgumentException">Clubify\Checkout\Tests\Unit\Orders\OrdersModuleTest::it_handles_invalid_operations_gracefully
InvalidArgumentException: getLogger() cannot be mocked as it is a private method

/Users/vagner/Desenvolvimento/python/clubify-checkout/sdk/php/vendor/mockery/mockery/library/Mockery.php:742
/Users/vagner/Desenvolvimento/python/clubify-checkout/sdk/php/vendor/mockery/mockery/library/Mockery.php:754
/Users/vagner/Desenvolvimento/python/clubify-checkout/sdk/php/vendor/mockery/mockery/library/Mockery.php:574
/Users/vagner/Desenvolvimento/python/clubify-checkout/sdk/php/tests/TestCase.php:222
/Users/vagner/Desenvolvimento/python/clubify-checkout/sdk/php/tests/TestCase.php:441
/Users/vagner/Desenvolvimento/python/clubify-checkout/sdk/php/tests/TestCase.php:56
/Users/vagner/Desenvolvimento/python/clubify-checkout/sdk/php/tests/Unit/Orders/OrdersModuleTest.php:44</error>
        </testcase>
        <testcase name="it_validates_order_data" file="/Users/vagner/Desenvolvimento/python/clubify-checkout/sdk/php/tests/Unit/Orders/OrdersModuleTest.php" line="524" class="Clubify\Checkout\Tests\Unit\Orders\OrdersModuleTest" classname="Clubify.Checkout.Tests.Unit.Orders.OrdersModuleTest" assertions="0" time="0.000000">
          <error type="InvalidArgumentException">Clubify\Checkout\Tests\Unit\Orders\OrdersModuleTest::it_validates_order_data
InvalidArgumentException: getLogger() cannot be mocked as it is a private method

/Users/vagner/Desenvolvimento/python/clubify-checkout/sdk/php/vendor/mockery/mockery/library/Mockery.php:742
/Users/vagner/Desenvolvimento/python/clubify-checkout/sdk/php/vendor/mockery/mockery/library/Mockery.php:754
/Users/vagner/Desenvolvimento/python/clubify-checkout/sdk/php/vendor/mockery/mockery/library/Mockery.php:574
/Users/vagner/Desenvolvimento/python/clubify-checkout/sdk/php/tests/TestCase.php:222
/Users/vagner/Desenvolvimento/python/clubify-checkout/sdk/php/tests/TestCase.php:441
/Users/vagner/Desenvolvimento/python/clubify-checkout/sdk/php/tests/TestCase.php:56
/Users/vagner/Desenvolvimento/python/clubify-checkout/sdk/php/tests/Unit/Orders/OrdersModuleTest.php:44</error>
        </testcase>
      </testsuite>
      <testsuite name="Clubify\Checkout\Tests\Unit\Subscriptions\SubscriptionsModuleTest" file="/Users/vagner/Desenvolvimento/python/clubify-checkout/sdk/php/tests/Unit/Subscriptions/SubscriptionsModuleTest.php" tests="24" assertions="0" errors="24" failures="0" skipped="0" time="0.000000">
[...]
          <error type="InvalidArgumentException">Clubify\Checkout\Tests\Unit\UserManagement\UserManagementModuleTest::testActivateUser
InvalidArgumentException: getLogger() cannot be mocked as it is a private method

/Users/vagner/Desenvolvimento/python/clubify-checkout/sdk/php/vendor/mockery/mockery/library/Mockery.php:742
/Users/vagner/Desenvolvimento/python/clubify-checkout/sdk/php/vendor/mockery/mockery/library/Mockery.php:754
/Users/vagner/Desenvolvimento/python/clubify-checkout/sdk/php/vendor/mockery/mockery/library/Mockery.php:574
/Users/vagner/Desenvolvimento/python/clubify-checkout/sdk/php/tests/TestCase.php:222
/Users/vagner/Desenvolvimento/python/clubify-checkout/sdk/php/tests/TestCase.php:441
/Users/vagner/Desenvolvimento/python/clubify-checkout/sdk/php/tests/TestCase.php:56
/Users/vagner/Desenvolvimento/python/clubify-checkout/sdk/php/tests/Unit/UserManagement/UserManagementModuleTest.php:40</error>
        </testcase>
        <testcase name="testDeactivateUser" file="/Users/vagner/Desenvolvimento/python/clubify-checkout/sdk/php/tests/Unit/UserManagement/UserManagementModuleTest.php" line="512" class="Clubify\Checkout\Tests\Unit\UserManagement\UserManagementModuleTest" classname="Clubify.Checkout.Tests.Unit.UserManagement.UserManagementModuleTest" assertions="0" time="0.000000">
          <error type="InvalidArgumentException">Clubify\Checkout\Tests\Unit\UserManagement\UserManagementModuleTest::testDeactivateUser
InvalidArgumentException: getLogger() cannot be mocked as it is a private method

/Users/vagner/Desenvolvimento/python/clubify-checkout/sdk/php/vendor/mockery/mockery/library/Mockery.php:742
/Users/vagner/Desenvolvimento/python/clubify-checkout/sdk/php/vendor/mockery/mockery/library/Mockery.php:754
/Users/vagner/Desenvolvimento/python/clubify-checkout/sdk/php/vendor/mockery/mockery/library/Mockery.php:574
/Users/vagner/Desenvolvimento/python/clubify-checkout/sdk/php/tests/TestCase.php:222
/Users/vagner/Desenvolvimento/python/clubify-checkout/sdk/php/tests/TestCase.php:441
/Users/vagner/Desenvolvimento/python/clubify-checkout/sdk/php/tests/TestCase.php:56
/Users/vagner/Desenvolvimento/python/clubify-checkout/sdk/php/tests/Unit/UserManagement/UserManagementModuleTest.php:40</error>
        </testcase>
        <testcase name="testLazyLoadingOfFactory" file="/Users/vagner/Desenvolvimento/python/clubify-checkout/sdk/php/tests/Unit/UserManagement/UserManagementModuleTest.php" line="536" class="Clubify\Checkout\Tests\Unit\UserManagement\UserManagementModuleTest" classname="Clubify.Checkout.Tests.Unit.UserManagement.UserManagementModuleTest" assertions="0" time="0.000000">
          <error type="InvalidArgumentException">Clubify\Checkout\Tests\Unit\UserManagement\UserManagementModuleTest::testLazyLoadingOfFactory
InvalidArgumentException: getLogger() cannot be mocked as it is a private method

/Users/vagner/Desenvolvimento/python/clubify-checkout/sdk/php/vendor/mockery/mockery/library/Mockery.php:742
/Users/vagner/Desenvolvimento/python/clubify-checkout/sdk/php/vendor/mockery/mockery/library/Mockery.php:754
/Users/vagner/Desenvolvimento/python/clubify-checkout/sdk/php/vendor/mockery/mockery/library/Mockery.php:574
/Users/vagner/Desenvolvimento/python/clubify-checkout/sdk/php/tests/TestCase.php:222
/Users/vagner/Desenvolvimento/python/clubify-checkout/sdk/php/tests/TestCase.php:441
/Users/vagner/Desenvolvimento/python/clubify-checkout/sdk/php/tests/TestCase.php:56
/Users/vagner/Desenvolvimento/python/clubify-checkout/sdk/php/tests/Unit/UserManagement/UserManagementModuleTest.php:40</error>
        </testcase>
        <testcase name="testLazyLoadingOfUserService" file="/Users/vagner/Desenvolvimento/python/clubify-checkout/sdk/php/tests/Unit/UserManagement/UserManagementModuleTest.php" line="563" class="Clubify\Checkout\Tests\Unit\UserManagement\UserManagementModuleTest" classname="Clubify.Checkout.Tests.Unit.UserManagement.UserManagementModuleTest" assertions="0" time="0.000000">
          <error type="InvalidArgumentException">Clubify\Checkout\Tests\Unit\UserManagement\UserManagementModuleTest::testLazyLoadingOfUserService
InvalidArgumentException: getLogger() cannot be mocked as it is a private method

/Users/vagner/Desenvolvimento/python/clubify-checkout/sdk/php/vendor/mockery/mockery/library/Mockery.php:742
/Users/vagner/Desenvolvimento/python/clubify-checkout/sdk/php/vendor/mockery/mockery/library/Mockery.php:754
/Users/vagner/Desenvolvimento/python/clubify-checkout/sdk/php/vendor/mockery/mockery/library/Mockery.php:574
/Users/vagner/Desenvolvimento/python/clubify-checkout/sdk/php/tests/TestCase.php:222
/Users/vagner/Desenvolvimento/python/clubify-checkout/sdk/php/tests/TestCase.php:441
/Users/vagner/Desenvolvimento/python/clubify-checkout/sdk/php/tests/TestCase.php:56
/Users/vagner/Desenvolvimento/python/clubify-checkout/sdk/php/tests/Unit/UserManagement/UserManagementModuleTest.php:40</error>
        </testcase>
      </testsuite>
      <testsuite name="Clubify\Checkout\Tests\Integration\UserManagementIntegrationTest" file="/Users/vagner/Desenvolvimento/python/clubify-checkout/sdk/php/tests/Integration/UserManagementIntegrationTest.php" tests="11" assertions="0" errors="11" failures="0" skipped="0" time="0.000000">
        <testcase name="testFullUserLifecycleIntegration" file="/Users/vagner/Desenvolvimento/python/clubify-checkout/sdk/php/tests/Integration/UserManagementIntegrationTest.php" line="56" class="Clubify\Checkout\Tests\Integration\UserManagementIntegrationTest" classname="Clubify.Checkout.Tests.Integration.UserManagementIntegrationTest" assertions="0" time="0.000000">
          <error type="InvalidArgumentException">Clubify\Checkout\Tests\Integration\UserManagementIntegrationTest::testFullUserLifecycleIntegration
InvalidArgumentException: getLogger() cannot be mocked as it is a private method

/Users/vagner/Desenvolvimento/python/clubify-checkout/sdk/php/vendor/mockery/mockery/library/Mockery.php:742
/Users/vagner/Desenvolvimento/python/clubify-checkout/sdk/php/vendor/mockery/mockery/library/Mockery.php:754
/Users/vagner/Desenvolvimento/python/clubify-checkout/sdk/php/vendor/mockery/mockery/library/Mockery.php:574
/Users/vagner/Desenvolvimento/python/clubify-checkout/sdk/php/tests/TestCase.php:222
/Users/vagner/Desenvolvimento/python/clubify-checkout/sdk/php/tests/TestCase.php:441
/Users/vagner/Desenvolvimento/python/clubify-checkout/sdk/php/tests/TestCase.php:56
/Users/vagner/Desenvolvimento/python/clubify-checkout/sdk/php/tests/Integration/UserManagementIntegrationTest.php:34</error>
        </testcase>
        <testcase name="testDependencyInjectionIntegration" file="/Users/vagner/Desenvolvimento/python/clubify-checkout/sdk/php/tests/Integration/UserManagementIntegrationTest.php" line="132" class="Clubify\Checkout\Tests\Integration\UserManagementIntegrationTest" classname="Clubify.Checkout.Tests.Integration.UserManagementIntegrationTest" assertions="0" time="0.000000">
          <error type="InvalidArgumentException">Clubify\Checkout\Tests\Integration\UserManagementIntegrationTest::testDependencyInjectionIntegration
InvalidArgumentException: getLogger() cannot be mocked as it is a private method

/Users/vagner/Desenvolvimento/python/clubify-checkout/sdk/php/vendor/mockery/mockery/library/Mockery.php:742
/Users/vagner/Desenvolvimento/python/clubify-checkout/sdk/php/vendor/mockery/mockery/library/Mockery.php:754
/Users/vagner/Desenvolvimento/python/clubify-checkout/sdk/php/vendor/mockery/mockery/library/Mockery.php:574
/Users/vagner/Desenvolvimento/python/clubify-checkout/sdk/php/tests/TestCase.php:222
/Users/vagner/Desenvolvimento/python/clubify-checkout/sdk/php/tests/TestCase.php:441
/Users/vagner/Desenvolvimento/python/clubify-checkout/sdk/php/tests/TestCase.php:56
/Users/vagner/Desenvolvimento/python/clubify-checkout/sdk/php/tests/Integration/UserManagementIntegrationTest.php:34</error>
        </testcase>
        <testcase name="testModuleHealthAndMetrics" file="/Users/vagner/Desenvolvimento/python/clubify-checkout/sdk/php/tests/Integration/UserManagementIntegrationTest.php" line="158" class="Clubify\Checkout\Tests\Integration\UserManagementIntegrationTest" classname="Clubify.Checkout.Tests.Integration.UserManagementIntegrationTest" assertions="0" time="0.000000">
          <error type="InvalidArgumentException">Clubify\Checkout\Tests\Integration\UserManagementIntegrationTest::testModuleHealthAndMetrics
InvalidArgumentException: getLogger() cannot be mocked as it is a private method

/Users/vagner/Desenvolvimento/python/clubify-checkout/sdk/php/vendor/mockery/mockery/library/Mockery.php:742
/Users/vagner/Desenvolvimento/python/clubify-checkout/sdk/php/vendor/mockery/mockery/library/Mockery.php:754
/Users/vagner/Desenvolvimento/python/clubify-checkout/sdk/php/vendor/mockery/mockery/library/Mockery.php:574
/Users/vagner/Desenvolvimento/python/clubify-checkout/sdk/php/tests/TestCase.php:222
/Users/vagner/Desenvolvimento/python/clubify-checkout/sdk/php/tests/TestCase.php:441
/Users/vagner/Desenvolvimento/python/clubify-checkout/sdk/php/tests/TestCase.php:56
/Users/vagner/Desenvolvimento/python/clubify-checkout/sdk/php/tests/Integration/UserManagementIntegrationTest.php:34</error>
        </testcase>
        <testcase name="testErrorHandlingIntegration" file="/Users/vagner/Desenvolvimento/python/clubify-checkout/sdk/php/tests/Integration/UserManagementIntegrationTest.php" line="184" class="Clubify\Checkout\Tests\Integration\UserManagementIntegrationTest" classname="Clubify.Checkout.Tests.Integration.UserManagementIntegrationTest" assertions="0" time="0.000000">
          <error type="InvalidArgumentException">Clubify\Checkout\Tests\Integration\UserManagementIntegrationTest::testErrorHandlingIntegration
InvalidArgumentException: getLogger() cannot be mocked as it is a private method

/Users/vagner/Desenvolvimento/python/clubify-checkout/sdk/php/vendor/mockery/mockery/library/Mockery.php:742
/Users/vagner/Desenvolvimento/python/clubify-checkout/sdk/php/vendor/mockery/mockery/library/Mockery.php:754
/Users/vagner/Desenvolvimento/python/clubify-checkout/sdk/php/vendor/mockery/mockery/library/Mockery.php:574
/Users/vagner/Desenvolvimento/python/clubify-checkout/sdk/php/tests/TestCase.php:222
/Users/vagner/Desenvolvimento/python/clubify-checkout/sdk/php/tests/TestCase.php:441
/Users/vagner/Desenvolvimento/python/clubify-checkout/sdk/php/tests/TestCase.php:56
/Users/vagner/Desenvolvimento/python/clubify-checkout/sdk/php/tests/Integration/UserManagementIntegrationTest.php:34</error>
        </testcase>
        <testcase name="testValidationErrorIntegration" file="/Users/vagner/Desenvolvimento/python/clubify-checkout/sdk/php/tests/Integration/UserManagementIntegrationTest.php" line="193" class="Clubify\Checkout\Tests\Integration\UserManagementIntegrationTest" classname="Clubify.Checkout.Tests.Integration.UserManagementIntegrationTest" assertions="0" time="0.000000">
          <error type="InvalidArgumentException">Clubify\Checkout\Tests\Integration\UserManagementIntegrationTest::testValidationErrorIntegration
InvalidArgumentException: getLogger() cannot be mocked as it is a private method

/Users/vagner/Desenvolvimento/python/clubify-checkout/sdk/php/vendor/mockery/mockery/library/Mockery.php:742
/Users/vagner/Desenvolvimento/python/clubify-checkout/sdk/php/vendor/mockery/mockery/library/Mockery.php:754
/Users/vagner/Desenvolvimento/python/clubify-checkout/sdk/php/vendor/mockery/mockery/library/Mockery.php:574
/Users/vagner/Desenvolvimento/python/clubify-checkout/sdk/php/tests/TestCase.php:222
/Users/vagner/Desenvolvimento/python/clubify-checkout/sdk/php/tests/TestCase.php:441
/Users/vagner/Desenvolvimento/python/clubify-checkout/sdk/php/tests/TestCase.php:56
/Users/vagner/Desenvolvimento/python/clubify-checkout/sdk/php/tests/Integration/UserManagementIntegrationTest.php:34</error>
        </testcase>
        <testcase name="testCacheIntegrationFlow" file="/Users/vagner/Desenvolvimento/python/clubify-checkout/sdk/php/tests/Integration/UserManagementIntegrationTest.php" line="206" class="Clubify\Checkout\Tests\Integration\UserManagementIntegrationTest" classname="Clubify.Checkout.Tests.Integration.UserManagementIntegrationTest" assertions="0" time="0.000000">
          <error type="InvalidArgumentException">Clubify\Checkout\Tests\Integration\UserManagementIntegrationTest::testCacheIntegrationFlow
InvalidArgumentException: getLogger() cannot be mocked as it is a private method

/Users/vagner/Desenvolvimento/python/clubify-checkout/sdk/php/vendor/mockery/mockery/library/Mockery.php:742
/Users/vagner/Desenvolvimento/python/clubify-checkout/sdk/php/vendor/mockery/mockery/library/Mockery.php:754
/Users/vagner/Desenvolvimento/python/clubify-checkout/sdk/php/vendor/mockery/mockery/library/Mockery.php:574
/Users/vagner/Desenvolvimento/python/clubify-checkout/sdk/php/tests/TestCase.php:222
/Users/vagner/Desenvolvimento/python/clubify-checkout/sdk/php/tests/TestCase.php:441
/Users/vagner/Desenvolvimento/python/clubify-checkout/sdk/php/tests/TestCase.php:56
/Users/vagner/Desenvolvimento/python/clubify-checkout/sdk/php/tests/Integration/UserManagementIntegrationTest.php:34</error>
        </testcase>
        <testcase name="testLazyLoadingIntegration" file="/Users/vagner/Desenvolvimento/python/clubify-checkout/sdk/php/tests/Integration/UserManagementIntegrationTest.php" line="225" class="Clubify\Checkout\Tests\Integration\UserManagementIntegrationTest" classname="Clubify.Checkout.Tests.Integration.UserManagementIntegrationTest" assertions="0" time="0.000000">
          <error type="InvalidArgumentException">Clubify\Checkout\Tests\Integration\UserManagementIntegrationTest::testLazyLoadingIntegration
InvalidArgumentException: getLogger() cannot be mocked as it is a private method

/Users/vagner/Desenvolvimento/python/clubify-checkout/sdk/php/vendor/mockery/mockery/library/Mockery.php:742
/Users/vagner/Desenvolvimento/python/clubify-checkout/sdk/php/vendor/mockery/mockery/library/Mockery.php:754
/Users/vagner/Desenvolvimento/python/clubify-checkout/sdk/php/vendor/mockery/mockery/library/Mockery.php:574
/Users/vagner/Desenvolvimento/python/clubify-checkout/sdk/php/tests/TestCase.php:222
/Users/vagner/Desenvolvimento/python/clubify-checkout/sdk/php/tests/TestCase.php:441
/Users/vagner/Desenvolvimento/python/clubify-checkout/sdk/php/tests/TestCase.php:56
/Users/vagner/Desenvolvimento/python/clubify-checkout/sdk/php/tests/Integration/UserManagementIntegrationTest.php:34</error>
        </testcase>
        <testcase name="testFactorySingletonBehavior" file="/Users/vagner/Desenvolvimento/python/clubify-checkout/sdk/php/tests/Integration/UserManagementIntegrationTest.php" line="245" class="Clubify\Checkout\Tests\Integration\UserManagementIntegrationTest" classname="Clubify.Checkout.Tests.Integration.UserManagementIntegrationTest" assertions="0" time="0.000000">
          <error type="InvalidArgumentException">Clubify\Checkout\Tests\Integration\UserManagementIntegrationTest::testFactorySingletonBehavior
InvalidArgumentException: getLogger() cannot be mocked as it is a private method

/Users/vagner/Desenvolvimento/python/clubify-checkout/sdk/php/vendor/mockery/mockery/library/Mockery.php:742
/Users/vagner/Desenvolvimento/python/clubify-checkout/sdk/php/vendor/mockery/mockery/library/Mockery.php:754
/Users/vagner/Desenvolvimento/python/clubify-checkout/sdk/php/vendor/mockery/mockery/library/Mockery.php:574
/Users/vagner/Desenvolvimento/python/clubify-checkout/sdk/php/tests/TestCase.php:222
/Users/vagner/Desenvolvimento/python/clubify-checkout/sdk/php/tests/TestCase.php:441
/Users/vagner/Desenvolvimento/python/clubify-checkout/sdk/php/tests/TestCase.php:56
/Users/vagner/Desenvolvimento/python/clubify-checkout/sdk/php/tests/Integration/UserManagementIntegrationTest.php:34</error>
        </testcase>
        <testcase name="testFactoryStats" file="/Users/vagner/Desenvolvimento/python/clubify-checkout/sdk/php/tests/Integration/UserManagementIntegrationTest.php" line="256" class="Clubify\Checkout\Tests\Integration\UserManagementIntegrationTest" classname="Clubify.Checkout.Tests.Integration.UserManagementIntegrationTest" assertions="0" time="0.000000">
          <error type="InvalidArgumentException">Clubify\Checkout\Tests\Integration\UserManagementIntegrationTest::testFactoryStats
InvalidArgumentException: getLogger() cannot be mocked as it is a private method

/Users/vagner/Desenvolvimento/python/clubify-checkout/sdk/php/vendor/mockery/mockery/library/Mockery.php:742
/Users/vagner/Desenvolvimento/python/clubify-checkout/sdk/php/vendor/mockery/mockery/library/Mockery.php:754
/Users/vagner/Desenvolvimento/python/clubify-checkout/sdk/php/vendor/mockery/mockery/library/Mockery.php:574
/Users/vagner/Desenvolvimento/python/clubify-checkout/sdk/php/tests/TestCase.php:222
/Users/vagner/Desenvolvimento/python/clubify-checkout/sdk/php/tests/TestCase.php:441
/Users/vagner/Desenvolvimento/python/clubify-checkout/sdk/php/tests/TestCase.php:56
/Users/vagner/Desenvolvimento/python/clubify-checkout/sdk/php/tests/Integration/UserManagementIntegrationTest.php:34</error>
        </testcase>
        <testcase name="testModuleCleanupIntegration" file="/Users/vagner/Desenvolvimento/python/clubify-checkout/sdk/php/tests/Integration/UserManagementIntegrationTest.php" line="277" class="Clubify\Checkout\Tests\Integration\UserManagementIntegrationTest" classname="Clubify.Checkout.Tests.Integration.UserManagementIntegrationTest" assertions="0" time="0.000000">
          <error type="InvalidArgumentException">Clubify\Checkout\Tests\Integration\UserManagementIntegrationTest::testModuleCleanupIntegration
InvalidArgumentException: getLogger() cannot be mocked as it is a private method

/Users/vagner/Desenvolvimento/python/clubify-checkout/sdk/php/vendor/mockery/mockery/library/Mockery.php:742
/Users/vagner/Desenvolvimento/python/clubify-checkout/sdk/php/vendor/mockery/mockery/library/Mockery.php:754
/Users/vagner/Desenvolvimento/python/clubify-checkout/sdk/php/vendor/mockery/mockery/library/Mockery.php:574
/Users/vagner/Desenvolvimento/python/clubify-checkout/sdk/php/tests/TestCase.php:222
/Users/vagner/Desenvolvimento/python/clubify-checkout/sdk/php/tests/TestCase.php:441
/Users/vagner/Desenvolvimento/python/clubify-checkout/sdk/php/tests/TestCase.php:56
/Users/vagner/Desenvolvimento/python/clubify-checkout/sdk/php/tests/Integration/UserManagementIntegrationTest.php:34</error>
        </testcase>
        <testcase name="testSDKUserManagementIntegration" file="/Users/vagner/Desenvolvimento/python/clubify-checkout/sdk/php/tests/Integration/UserManagementIntegrationTest.php" line="295" class="Clubify\Checkout\Tests\Integration\UserManagementIntegrationTest" classname="Clubify.Checkout.Tests.Integration.UserManagementIntegrationTest" assertions="0" time="0.000000">
          <error type="InvalidArgumentException">Clubify\Checkout\Tests\Integration\UserManagementIntegrationTest::testSDKUserManagementIntegration
InvalidArgumentException: getLogger() cannot be mocked as it is a private method

/Users/vagner/Desenvolvimento/python/clubify-checkout/sdk/php/vendor/mockery/mockery/library/Mockery.php:742
/Users/vagner/Desenvolvimento/python/clubify-checkout/sdk/php/vendor/mockery/mockery/library/Mockery.php:754
/Users/vagner/Desenvolvimento/python/clubify-checkout/sdk/php/vendor/mockery/mockery/library/Mockery.php:574
/Users/vagner/Desenvolvimento/python/clubify-checkout/sdk/php/tests/TestCase.php:222
/Users/vagner/Desenvolvimento/python/clubify-checkout/sdk/php/tests/TestCase.php:441
/Users/vagner/Desenvolvimento/python/clubify-checkout/sdk/php/tests/TestCase.php:56
/Users/vagner/Desenvolvimento/python/clubify-checkout/sdk/php/tests/Integration/UserManagementIntegrationTest.php:34</error>
        </testcase>
      </testsuite>
    </testsuite>
  </testsuite>
</testsuites>
